number,value,datetime_start,datetime_complete,duration,params_alpha,params_colsample_bylevel,params_colsample_bytree,params_gamma,params_lambda,params_learning_rate,params_max_depth,params_min_child_weight,params_n_estimators,params_subsample,user_attrs_threshold,user_attrs_val_acc,state
148,0.7655956647892133,2026-06-24 19:02:25.761952,2026-06-24 19:02:26.082483,0 days 00:00:00.320531,0.9066158395335635,0.6094371661009212,0.7928522920621394,1.6025476772782559,0.7835334404916715,0.022433777782050454,4,44,250,0.6510187232760348,0.4200000000000001,0.798804780876494,COMPLETE
149,0.7638675541901347,2026-06-24 19:02:26.127238,2026-06-24 19:02:26.461634,0 days 00:00:00.334396,0.09207024072084359,0.6057058803402326,0.7952018966806458,1.5400695405655496,0.724739917147432,0.023106701513791503,4,44,226,0.6461478557497298,0.4200000000000001,0.8027888446215139,COMPLETE
150,0.7642942481652159,2026-06-24 19:02:26.508431,2026-06-24 19:02:26.895763,0 days 00:00:00.387332,0.05835841910306282,0.5834797594471912,0.785056097340733,1.5641387414824355,0.599698321006045,0.020735897640362322,4,44,297,0.629638175418045,0.4000000000000001,0.796812749003984,COMPLETE
151,0.7618940945553849,2026-06-24 19:02:26.943429,2026-06-24 19:02:27.257909,0 days 00:00:00.314480,0.9318195410670898,0.6166872727120416,0.7592392974090716,1.3205187905529427,0.777350797184255,0.022336863174221584,4,46,256,0.6562690159636001,0.4000000000000001,0.8007968127490039,COMPLETE
152,0.7540749274620243,2026-06-24 19:02:27.304165,2026-06-24 19:02:28.060111,0 days 00:00:00.755946,0.07143741200806702,0.5959543181676572,0.772704758749631,1.203823114035179,0.667479923221813,0.0215769826658508,4,47,215,0.6619867722621057,0.6400000000000003,0.7888446215139442,COMPLETE
153,0.7601766513056835,2026-06-24 19:02:28.108060,2026-06-24 19:02:28.662527,0 days 00:00:00.554467,0.7138216035420213,0.6116261550114843,0.7838692248724266,1.4658745408051992,0.5443405090909155,0.024070756819259034,4,45,248,0.6360938074813747,0.5200000000000002,0.7928286852589641,COMPLETE
154,0.7633341867212834,2026-06-24 19:02:28.709150,2026-06-24 19:02:29.074022,0 days 00:00:00.364872,0.0804373512616724,0.6430440416217308,0.79303816350708,1.0793475747445098,0.6356989482698362,0.018342949573867874,4,48,200,0.6519142509490689,0.4000000000000001,0.8007968127490039,COMPLETE
155,0.7581925243215567,2026-06-24 19:02:29.119064,2026-06-24 19:02:29.650165,0 days 00:00:00.531101,0.06621601794875842,0.6013796260957558,0.763646768839063,0.6042133903620481,0.5610155265333436,0.02030304955099352,4,46,305,0.6710473496445705,0.5400000000000003,0.7908366533864541,COMPLETE
156,0.7610300392558457,2026-06-24 19:02:29.696310,2026-06-24 19:02:30.338742,0 days 00:00:00.642432,0.0563525728952605,0.6238311535494777,0.7997087706736149,0.37582155127209893,0.7201392930132359,0.017204498403917967,4,42,226,0.6216921016545929,0.4300000000000001,0.7948207171314741,COMPLETE
157,0.7661076975593104,2026-06-24 19:02:30.384867,2026-06-24 19:02:30.741386,0 days 00:00:00.356519,0.07614272625093026,0.5883107678551088,0.7472657813701596,1.2839608347253137,0.8852117835697801,0.025203002513006407,4,47,107,0.6641377787297719,0.46000000000000013,0.8007968127490039,COMPLETE
158,0.7645075951527563,2026-06-24 19:02:30.788450,2026-06-24 19:02:31.149721,0 days 00:00:00.361271,0.07713867687016822,0.5753554622581675,0.7486599149173045,1.6084696180609408,0.8876464898905057,0.02861393136199335,4,47,277,0.6637925308142458,0.4400000000000001,0.8007968127490039,COMPLETE
159,0.7558670421573647,2026-06-24 19:02:31.195069,2026-06-24 19:02:31.847050,0 days 00:00:00.651981,0.10322386654256921,0.5843782341467787,0.7721709941108498,1.2749802009368671,0.7959127688345278,0.026273031264946383,4,45,115,0.6480065763657694,0.6800000000000004,0.7908366533864541,COMPLETE
160,0.7617127496159755,2026-06-24 19:02:31.893185,2026-06-24 19:02:32.296484,0 days 00:00:00.403299,0.0852109367675029,0.5902178686214313,0.7805155376433622,0.858566785865334,0.95918675456755,0.02450133874946988,4,49,246,0.6388161361114841,0.4300000000000001,0.7948207171314741,COMPLETE
161,0.7674304488820618,2026-06-24 19:02:32.344208,2026-06-24 19:02:32.705544,0 days 00:00:00.361336,0.0675609535021008,0.6112976803607953,0.7884201623674236,1.3744175527392883,0.7654288528400717,0.022143756125797883,4,48,100,0.6717129584319707,0.4200000000000001,0.798804780876494,COMPLETE
162,0.7658303464755079,2026-06-24 19:02:32.749644,2026-06-24 19:02:33.107279,0 days 00:00:00.357635,1.192598593484045,0.6125595525828278,0.7873814132762553,1.3863015755787607,0.844149111575573,0.023166035336869967,4,47,107,0.6702740152680244,0.4300000000000001,0.798804780876494,COMPLETE
163,0.7681344939409456,2026-06-24 19:02:33.154530,2026-06-24 19:02:33.520462,0 days 00:00:00.365932,0.07045422394360414,0.6365161837188212,0.7766805077572084,1.3919172900580048,0.8512887492733214,0.020816024357341076,4,48,108,0.673289442809036,0.39000000000000007,0.8007968127490039,COMPLETE
164,0.7554830175797919,2026-06-24 19:02:33.567582,2026-06-24 19:02:34.112671,0 days 00:00:00.545089,0.07244289299934095,0.6364706346153212,0.7683682209973257,1.1650232094730533,0.702362841760005,0.01916405116402269,4,48,139,0.6591045449550476,0.5200000000000002,0.7908366533864541,COMPLETE
165,0.7661717016555727,2026-06-24 19:02:34.159353,2026-06-24 19:02:34.511191,0 days 00:00:00.351838,0.06292906904489685,0.658081825811573,0.7572935077547605,1.2574287030791393,0.92657440203243,0.02046576781960899,4,49,125,0.6740978239337527,0.4200000000000001,0.8027888446215139,COMPLETE
166,0.7596859532343404,2026-06-24 19:02:34.560203,2026-06-24 19:02:34.990022,0 days 00:00:00.429819,0.06027676467731616,0.6610887902385646,0.7289824277025522,1.415533599530578,1.0928090103232666,0.020541163730779285,4,49,126,0.6733951289598418,0.4500000000000001,0.796812749003984,COMPLETE
167,0.7663423792456051,2026-06-24 19:02:35.035945,2026-06-24 19:02:35.391300,0 days 00:00:00.355355,0.05466152393093649,0.6506492241399966,0.7797809159735626,0.9746377708770237,0.6321388485822514,0.018229637747784102,4,48,86,0.6844565411449021,0.4000000000000001,0.8007968127490039,COMPLETE
168,0.7640275644307903,2026-06-24 19:02:35.437375,2026-06-24 19:02:35.789014,0 days 00:00:00.351639,0.05032191303518299,0.6511260835524144,0.7588457746787111,1.0816594913312982,0.6259658253670873,0.01580252100975873,4,49,90,0.6872285807088052,0.4200000000000001,0.8047808764940239,COMPLETE
169,0.7667904079194403,2026-06-24 19:02:35.834207,2026-06-24 19:02:36.208698,0 days 00:00:00.374491,0.055419555324798274,0.6418323849971548,0.7795538481887149,0.7533656972349926,0.5160689634513375,0.0178866284195955,4,48,143,0.6780659292614645,0.4000000000000001,0.8027888446215139,COMPLETE
170,0.7641662399726915,2026-06-24 19:02:36.254108,2026-06-24 19:02:36.636932,0 days 00:00:00.382824,0.0553690717083638,0.6423788019548305,0.7751063953786219,0.7615174925647407,0.5281712813691175,0.018000997610159015,4,46,150,0.6831056130228802,0.39000000000000007,0.8027888446215139,COMPLETE
171,0.7712066905615294,2026-06-24 19:02:36.682769,2026-06-24 19:02:37.047220,0 days 00:00:00.364451,0.06271307981836129,0.6567207512838439,0.7759322525028344,1.2130170424909423,0.5641927770383849,0.0211355729675728,4,48,123,0.6923202814980778,0.35000000000000003,0.8027888446215139,COMPLETE
172,0.7653823178016725,2026-06-24 19:02:37.092323,2026-06-24 19:02:37.455465,0 days 00:00:00.363142,0.06727882460789689,0.6336904473426958,0.7777836995001727,0.8483778762390204,0.5651191007973192,0.01865031504581109,4,48,79,0.6922476093857682,0.37000000000000005,0.798804780876494,COMPLETE
173,0.7645502645502645,2026-06-24 19:02:37.500713,2026-06-24 19:02:37.863657,0 days 00:00:00.362944,0.05599463066333919,0.6748478614949446,0.7995192921255845,0.6499406880938104,0.5011685173371616,0.021524378364811754,4,50,144,0.6788331672032006,0.36000000000000004,0.8007968127490039,COMPLETE
174,0.7581925243215566,2026-06-24 19:02:37.909463,2026-06-24 19:02:38.444933,0 days 00:00:00.535470,0.060264054399142765,0.621395502458024,0.7693380723768503,0.9509937923279835,0.5854857080068326,0.016661741849522557,4,48,118,0.6993333057428847,0.4200000000000001,0.7928286852589641,COMPLETE
175,0.7681771633384538,2026-06-24 19:02:38.490388,2026-06-24 19:02:38.850774,0 days 00:00:00.360386,0.06832363046197813,0.7793478829849682,0.7839050671022612,1.475718932603838,0.6710113185022302,0.01921929591036807,4,47,159,0.6896253559359304,0.4100000000000001,0.8007968127490039,COMPLETE
176,0.7668117426181942,2026-06-24 19:02:38.895351,2026-06-24 19:02:39.269271,0 days 00:00:00.373920,0.06834274787836456,0.7854080702829169,0.7871770315850241,1.514851092083749,0.6746881454927632,0.019093186093079157,4,46,178,0.6903150009178575,0.4200000000000001,0.8007968127490039,COMPLETE
177,0.7603899982932241,2026-06-24 19:02:39.317897,2026-06-24 19:02:39.833846,0 days 00:00:00.515949,0.0687144714826251,0.7736178548065796,0.7890624120071352,1.5372054526908472,0.6898959607595757,0.0232022026975684,4,46,184,0.7064159449123691,0.4400000000000001,0.7948207171314741,COMPLETE
178,0.7621607782898107,2026-06-24 19:02:39.880386,2026-06-24 19:02:40.253405,0 days 00:00:00.373019,0.07066531093237377,0.7912441198419362,0.7648694140000203,1.4483749571215685,0.5478096272089098,0.021875730634479774,4,47,211,0.6927791096198912,0.4100000000000001,0.8007968127490039,COMPLETE
179,0.7651903055128861,2026-06-24 19:02:40.298610,2026-06-24 19:02:40.629709,0 days 00:00:00.331099,0.07902418841032004,0.7765935976524101,0.7994330897388985,1.732167460884949,0.7526249568590172,0.019497338670398028,4,45,170,0.6908589548085351,0.34,0.8027888446215139,COMPLETE
180,0.7667050691244239,2026-06-24 19:02:40.675942,2026-06-24 19:02:41.045911,0 days 00:00:00.369969,0.0634629995503555,0.7591115567322119,0.7875467391898577,1.3857999991664,0.6821757880139674,0.017477600792696984,4,47,161,0.7016079993527611,0.39000000000000007,0.8007968127490039,COMPLETE
181,0.7657876770779996,2026-06-24 19:02:41.092245,2026-06-24 19:02:41.669888,0 days 00:00:00.577643,0.06260184507289207,0.758776960989234,0.7879522829141253,1.4048932572731578,0.6683131299680277,0.01707369135347574,4,47,157,0.7042069449466559,0.38000000000000006,0.7948207171314741,COMPLETE
182,0.7751536098310292,2026-06-24 19:02:41.715289,2026-06-24 19:02:42.073015,0 days 00:00:00.357726,0.09433332105132708,0.7771001276109576,0.7797283921382473,1.6592547984330437,0.5990494773653652,0.01915544491317145,4,49,195,0.6755261125338516,0.39000000000000007,0.8007968127490039,COMPLETE
183,0.7749402628434886,2026-06-24 19:02:42.118537,2026-06-24 19:02:42.482359,0 days 00:00:00.363822,0.09237482844178456,0.7844344390799203,0.781457257531105,1.925554863606104,0.6104725950554635,0.018849710245529682,4,46,194,0.6775192636279415,0.35000000000000003,0.8007968127490039,COMPLETE
184,0.7735855094726062,2026-06-24 19:02:42.527617,2026-06-24 19:02:42.857911,0 days 00:00:00.330294,0.09545445669830434,0.7842462268872018,0.7787806429840485,1.6796989249849694,0.609074261069034,0.015473479497527382,4,46,201,0.6779151826565218,0.4000000000000001,0.8027888446215139,COMPLETE
185,0.7642515787677078,2026-06-24 19:02:42.903848,2026-06-24 19:02:43.226648,0 days 00:00:00.322800,0.09212468302476792,0.7821013484744173,0.764817961506254,1.9039456547436235,0.6213996261381844,0.015513484659664935,4,45,192,0.6776526907832446,0.39000000000000007,0.8067729083665338,COMPLETE
186,0.7679211469534051,2026-06-24 19:02:43.272712,2026-06-24 19:02:43.804833,0 days 00:00:00.532121,0.08417306418558158,0.7614552281873445,0.7818290453621606,2.000421626441588,0.5652269015857173,0.017211975527488606,4,47,209,0.6882425232745218,0.4000000000000001,0.796812749003984,COMPLETE
187,0.7643795869602321,2026-06-24 19:02:43.849594,2026-06-24 19:02:44.181719,0 days 00:00:00.332125,0.09999159344131496,0.7664312513625983,0.7530814619316313,1.9156953991878436,0.5818745863903642,0.01883682829691151,4,46,206,0.6860080317213124,0.4400000000000001,0.8047808764940239,COMPLETE
188,0.775836320191159,2026-06-24 19:02:44.227131,2026-06-24 19:02:44.600425,0 days 00:00:00.373294,0.09536743897775649,0.7937963778636561,0.7757657064940187,1.6614446360580006,0.5226710176642244,0.016214162819513857,4,46,213,0.6760724497721247,0.4000000000000001,0.8047808764940239,COMPLETE
189,0.7594299368492916,2026-06-24 19:02:44.646425,2026-06-24 19:02:45.083288,0 days 00:00:00.436863,0.14265654363867225,0.7826607132923858,0.7412114615107657,1.6445661277041737,0.5124649915240014,0.014308748280773295,4,45,187,0.6763300065618194,0.4300000000000001,0.8027888446215139,COMPLETE
190,0.7656810035842295,2026-06-24 19:02:45.129288,2026-06-24 19:02:45.523275,0 days 00:00:00.393987,0.09490455329457159,0.7946023866788839,0.7774305305586577,2.0098540025091722,0.549503917002249,0.01663534294108631,4,44,220,0.6658708708656009,0.36000000000000004,0.8007968127490039,COMPLETE
191,0.7677291346646187,2026-06-24 19:02:45.569558,2026-06-24 19:02:45.923265,0 days 00:00:00.353707,0.1105014203246204,0.7755251659274782,0.7811026442418647,1.673389620059937,0.5940268427802836,0.01577154246926306,4,46,236,0.6851456574915185,0.4200000000000001,0.8027888446215139,COMPLETE
192,0.7646889400921659,2026-06-24 19:02:45.970411,2026-06-24 19:02:46.348399,0 days 00:00:00.377988,0.10412484970813243,0.784259117481645,0.7679700864436476,1.7571117435240362,0.543608527477981,0.016025194147706676,4,46,200,0.6892076727322859,0.4300000000000001,0.8047808764940239,COMPLETE
193,0.7711640211640209,2026-06-24 19:02:46.394474,2026-06-24 19:02:46.726920,0 days 00:00:00.332446,0.08857973585164308,0.7765323668678238,0.7786297576268396,2.1639524470108915,0.5811546377772944,0.014003865719060322,4,47,213,0.678750851619827,0.35000000000000003,0.8007968127490039,COMPLETE
194,0.7629714968424646,2026-06-24 19:02:46.772231,2026-06-24 19:02:47.121453,0 days 00:00:00.349222,0.11339184678638753,0.7774466752455886,0.7593114164299053,1.8276561805805414,0.621145596933201,0.014811464865576086,4,46,213,0.6820636251621326,0.4100000000000001,0.8047808764940239,COMPLETE
195,0.7669610855094725,2026-06-24 19:02:47.167452,2026-06-24 19:02:47.540675,0 days 00:00:00.373223,0.11060068974535726,0.7995194422176058,0.7997220616430495,1.667983850997642,0.6536925752172075,0.013775592259847104,4,47,191,0.694928414011784,0.4200000000000001,0.8047808764940239,COMPLETE
196,0.7635688684075781,2026-06-24 19:02:47.587674,2026-06-24 19:02:47.963713,0 days 00:00:00.376039,0.11176524153650207,0.7996436942996621,0.798321481565156,2.1641776395303087,0.5968628038366003,0.014012016531276551,4,47,224,0.6697140548514813,0.4200000000000001,0.8047808764940239,COMPLETE
197,0.7665770609318997,2026-06-24 19:02:48.009357,2026-06-24 19:02:48.373302,0 days 00:00:00.363945,0.08986186023467514,0.7654196677219167,0.7742639630387324,1.6910117975402,0.6414299154677736,0.015312444498926952,4,45,237,0.7145287460261296,0.39000000000000007,0.8007968127490039,COMPLETE
198,0.7674411162314388,2026-06-24 19:02:48.420049,2026-06-24 19:02:48.779372,0 days 00:00:00.359323,0.12909413783981444,0.7909220916800314,0.7808603920487758,1.96348151851296,0.5675069736476941,0.012282506947021366,4,47,214,0.6981589061968302,0.37000000000000005,0.8027888446215139,COMPLETE
199,0.7620967741935484,2026-06-24 19:02:48.824674,2026-06-24 19:02:49.250900,0 days 00:00:00.426226,0.12960041192922817,0.7530213479842415,0.7676160831959399,1.9440032267105762,0.5611051392653471,0.01493491807924494,4,44,209,0.6634601309233309,0.38000000000000006,0.8007968127490039,COMPLETE
200,0.7605393411845025,2026-06-24 19:02:49.297120,2026-06-24 19:02:49.661397,0 days 00:00:00.364277,0.15546782791000893,0.7427027659702214,0.7831239355007845,2.165357136718902,0.5955796463229086,0.011789460436369307,4,47,237,0.704830151238927,0.4000000000000001,0.8047808764940239,COMPLETE
201,0.7660970302099334,2026-06-24 19:02:49.707526,2026-06-24 19:02:50.082107,0 days 00:00:00.374581,0.11183628981838112,0.7733342568223259,0.7767374823975387,2.0317415738890094,0.5459403692389174,0.010943957643637878,4,47,196,0.6966696217600238,0.4000000000000001,0.8027888446215139,COMPLETE
202,0.7710786823690049,2026-06-24 19:02:50.131222,2026-06-24 19:02:50.497039,0 days 00:00:00.365817,0.0969757256850567,0.7863563235598581,0.7920188742717839,1.6225733440185695,0.6486448013104583,0.014041423556698622,4,47,215,0.6844640219635011,0.4100000000000001,0.8027888446215139,COMPLETE
203,0.7723800989930022,2026-06-24 19:02:50.542831,2026-06-24 19:02:50.904216,0 days 00:00:00.361385,0.09448949638820345,0.7893283947536561,0.7830554396437577,1.8045629421149576,0.6119066844128476,0.01613804216191969,4,49,218,0.682554331301734,0.36000000000000004,0.8007968127490039,COMPLETE
204,0.7688492063492063,2026-06-24 19:02:50.951376,2026-06-24 19:02:51.313280,0 days 00:00:00.361904,0.08757948042656442,0.7885757270770225,0.7901922715673794,1.8551233449118383,0.72304867589646,0.013501024343015523,4,49,217,0.6807385011275152,0.37000000000000005,0.8007968127490039,COMPLETE
205,0.7638675541901347,2026-06-24 19:02:51.357897,2026-06-24 19:02:52.080610,0 days 00:00:00.722713,0.09472359116034554,0.7898884757759786,0.7532156696387484,2.247484020993309,0.7196232518513217,0.012458160273615553,4,50,261,0.6838390720417127,0.46000000000000013,0.8007968127490039,COMPLETE
206,0.7622994538317119,2026-06-24 19:02:52.121148,2026-06-24 19:02:52.444199,0 days 00:00:00.323051,0.1004374157012368,0.7797849452095401,0.764614758415158,1.8301082163356828,0.6226919072502219,0.012642463011050981,4,49,236,0.6752396742928857,0.38000000000000006,0.8047808764940239,COMPLETE
207,0.7665343915343914,2026-06-24 19:02:52.490234,2026-06-24 19:02:52.831933,0 days 00:00:00.341699,0.08360533499296398,0.7664724335746407,0.7833809095786569,1.9513028764686062,0.6966024393203148,0.01370569267111206,4,48,217,0.6858487337131446,0.35000000000000003,0.8047808764940239,COMPLETE
208,0.7651903055128861,2026-06-24 19:02:52.878365,2026-06-24 19:02:53.252994,0 days 00:00:00.374629,0.08694459262767074,0.7874284154185838,0.7707965028883802,1.800287465460124,0.7519727396605059,0.015489937768951686,4,49,198,0.6733547796554499,0.4200000000000001,0.8007968127490039,COMPLETE
209,0.7651476361153781,2026-06-24 19:02:53.299595,2026-06-24 19:02:53.614873,0 days 00:00:00.315278,0.10154437960293114,0.7897425892322493,0.7893275558384738,1.6075643996469227,0.5839688202610193,0.010898215411465972,4,50,238,0.6952380374692825,0.38000000000000006,0.8047808764940239,COMPLETE
210,0.7710893497183821,2026-06-24 19:02:53.662224,2026-06-24 19:02:54.050215,0 days 00:00:00.387991,0.12249546509600776,0.7736038811916037,0.7807392608965923,1.8813043867373132,0.6491710847067294,0.014412378137295059,4,48,208,0.6849055486603802,0.35000000000000003,0.8027888446215139,COMPLETE
211,0.7721880867042158,2026-06-24 19:02:54.096264,2026-06-24 19:02:54.489944,0 days 00:00:00.393680,0.12084410426533808,0.7749844496286658,0.7808238437624961,1.8728100405812107,0.6411935928224465,0.014197556828525212,4,48,206,0.680197705266159,0.4000000000000001,0.8027888446215139,COMPLETE
212,0.769915941286909,2026-06-24 19:02:54.537499,2026-06-24 19:02:54.924020,0 days 00:00:00.386521,0.1273298377907663,0.776625911278349,0.7780697046639828,1.8848888903603156,0.6553034436096239,0.014190426718838937,4,49,205,0.682134161492722,0.35000000000000003,0.8007968127490039,COMPLETE
213,0.7620007680491551,2026-06-24 19:02:54.969374,2026-06-24 19:02:55.391971,0 days 00:00:00.422597,0.1575495159990992,0.7721724661528366,0.7728089088161779,1.8443718081526737,0.650095794885646,0.014436352546915237,4,49,206,0.6823603273519357,0.4100000000000001,0.8067729083665338,COMPLETE
214,0.7619154292541389,2026-06-24 19:02:55.439665,2026-06-24 19:02:55.850323,0 days 00:00:00.410658,0.11627088735207286,0.7602006466930615,0.7618550074981106,1.7603208302537576,0.6299775812049241,0.013407577981634342,4,49,225,0.6886466919185061,0.4100000000000001,0.8047808764940239,COMPLETE
215,0.7738948626045399,2026-06-24 19:02:55.897183,2026-06-24 19:02:56.257082,0 days 00:00:00.359899,0.12279857051417394,0.778055095967724,0.7808783082092862,1.8899506411545524,0.681723019695507,0.01570437108223656,4,50,182,0.6782019875756281,0.36000000000000004,0.8007968127490039,COMPLETE
216,0.7725827786311658,2026-06-24 19:02:56.305301,2026-06-24 19:02:56.667684,0 days 00:00:00.362383,0.12194941468525608,0.774929100966423,0.7800281150861536,1.9264316184467456,0.6885741676789433,0.01589903356774472,4,50,184,0.6792478894856513,0.37000000000000005,0.8027888446215139,COMPLETE
217,0.7643582522614781,2026-06-24 19:02:56.717021,2026-06-24 19:02:57.129978,0 days 00:00:00.412957,0.13010085675732366,0.7531111665417246,0.7687726071964098,2.1139132815274384,0.6921528701098729,0.014340985431257966,4,50,183,0.676327440725537,0.4100000000000001,0.8047808764940239,COMPLETE
218,0.7641022358764294,2026-06-24 19:02:57.175666,2026-06-24 19:02:57.541550,0 days 00:00:00.365884,0.13665664640553196,0.7655407015571947,0.7998533339809402,1.887498278906159,0.7199203199100241,0.016319417575867703,4,50,194,0.6642115407203295,0.38000000000000006,0.8027888446215139,COMPLETE
219,0.769521249359959,2026-06-24 19:02:57.589780,2026-06-24 19:02:57.977048,0 days 00:00:00.387268,0.14731109265782502,0.7778692440526248,0.7492795402313698,1.770412591023712,0.6524368316787239,0.015069702424089258,4,48,177,0.6785131100756532,0.4100000000000001,0.8047808764940239,COMPLETE
220,0.7660223587642943,2026-06-24 19:02:58.023017,2026-06-24 19:02:58.393672,0 days 00:00:00.370655,0.16106596214943583,0.7752195805581107,0.7450975067194281,2.027509092947844,0.6620741898113616,0.014976525592951566,4,48,174,0.6795357821499615,0.4200000000000001,0.8027888446215139,COMPLETE
221,0.769499914661205,2026-06-24 19:02:58.439218,2026-06-24 19:02:58.766012,0 days 00:00:00.326794,0.14761416250188333,0.7816278988683806,0.7901094344165239,1.7528930922458197,0.6129342953303736,0.013534424485193155,4,50,202,0.6700984025670204,0.4000000000000001,0.8047808764940239,COMPLETE
