number,value,datetime_start,datetime_complete,duration,params_alpha,params_colsample_bylevel,params_colsample_bytree,params_gamma,params_lambda,params_learning_rate,params_max_depth,params_min_child_weight,params_n_estimators,params_subsample,user_attrs_threshold,user_attrs_val_acc,state
592,0.7581071855265402,2026-06-24 19:05:54.330870,2026-06-24 19:05:54.949942,0 days 00:00:00.619072,0.10689713906770319,0.7527760983549836,0.7845692812283195,1.810705726125556,0.5434851143780058,0.021075155844784855,4,49,184,0.7689564725768324,0.4300000000000001,0.796812749003984,COMPLETE
593,0.7664063833418671,2026-06-24 19:05:54.998897,2026-06-24 19:05:55.341833,0 days 00:00:00.342936,0.09386271707415328,0.7788364489854505,0.7754459964880485,2.0377001839121216,0.7302376248197004,0.014668980202534479,4,50,198,0.7049591861859067,0.38000000000000006,0.8007968127490039,COMPLETE
594,0.7730094726062468,2026-06-24 19:05:55.389968,2026-06-24 19:05:55.736827,0 days 00:00:00.346859,0.10344832361838702,0.7906963875158414,0.7916490773365524,1.9291377427870207,0.6590458875940673,0.016094065182123713,4,47,227,0.6794100605071742,0.39000000000000007,0.8007968127490039,COMPLETE
595,0.7627581498549241,2026-06-24 19:05:55.786014,2026-06-24 19:05:56.124860,0 days 00:00:00.338846,0.08080010422708817,0.7636285922063597,0.7996147409226629,2.109744736267774,0.7891549334660691,0.014903455153368243,4,47,236,0.5266452121275961,0.39000000000000007,0.798804780876494,COMPLETE
596,0.769926608636286,2026-06-24 19:05:56.176361,2026-06-24 19:05:56.696989,0 days 00:00:00.520628,0.10745483972627254,0.7767192108813182,0.7873526927092481,1.9378492445607653,0.657696512422828,0.015815918858593864,4,47,220,0.666244640462344,0.37000000000000005,0.798804780876494,COMPLETE
597,0.7679851510496671,2026-06-24 19:05:56.745073,2026-06-24 19:05:57.138616,0 days 00:00:00.393543,0.09257262526646381,0.7910438398879024,0.7992906929391379,1.6596759298088537,0.8482163800473863,0.0140680867235158,4,46,233,0.6770174823150259,0.39000000000000007,0.8027888446215139,COMPLETE
598,0.7653183137054105,2026-06-24 19:05:57.186833,2026-06-24 19:05:57.616241,0 days 00:00:00.429408,0.10384949174377198,0.78370626807845,0.7693898408204781,2.154490838660975,0.7391207245620395,0.016078550074464744,4,50,244,0.6695917298790841,0.4200000000000001,0.8027888446215139,COMPLETE
599,0.7622461170848267,2026-06-24 19:05:57.664694,2026-06-24 19:05:58.045586,0 days 00:00:00.380892,0.07262865373219819,0.7694791421820095,0.7890581814379615,4.704290086982065,0.6860136564799288,0.025756783184130817,4,47,222,0.6562087400351626,0.46000000000000013,0.798804780876494,COMPLETE
