number,value,datetime_start,datetime_complete,duration,params_alpha,params_colsample_bylevel,params_colsample_bytree,params_gamma,params_lambda,params_learning_rate,params_max_depth,params_min_child_weight,params_n_estimators,params_subsample,user_attrs_threshold,user_attrs_val_acc,state
296,0.7644755931046253,2026-06-24 19:03:31.395531,2026-06-24 19:03:31.762493,0 days 00:00:00.366962,0.10082095558242489,0.7804483687924033,0.7698690888399133,1.9101822205352168,0.5391893828620306,0.01507989616115728,4,48,220,0.6817543108571809,0.4000000000000001,0.8047808764940239,COMPLETE
297,0.7654143198498037,2026-06-24 19:03:31.809492,2026-06-24 19:03:32.402774,0 days 00:00:00.593282,0.16592548710802893,0.7718249953433757,0.7861419790297176,1.8260725749072062,0.6240157382899038,0.01291533584574997,2,47,163,0.6700841774351823,0.4100000000000001,0.798804780876494,COMPLETE
298,0.7670250896057347,2026-06-24 19:03:32.451039,2026-06-24 19:03:32.813357,0 days 00:00:00.362318,0.12208702858348783,0.7848133655488122,0.7633552923743123,1.5566035765842587,0.5703698442236211,0.01790326239783266,4,49,185,0.6837213786886458,0.4100000000000001,0.8027888446215139,COMPLETE
299,0.7739588667008022,2026-06-24 19:03:32.860205,2026-06-24 19:03:33.228966,0 days 00:00:00.368761,0.090006022851242,0.7581452741126579,0.7774748584443045,1.7116582469896384,0.6990414120633367,0.01711151164740833,4,48,206,0.675514242071118,0.4400000000000001,0.8027888446215139,COMPLETE
300,0.7692225635774023,2026-06-24 19:03:33.276288,2026-06-24 19:03:33.694080,0 days 00:00:00.417792,0.08595267844115625,0.7644360083512851,0.7883390034960387,1.6865941439011305,0.7284969004140027,0.017733016647848536,4,47,249,0.6643912828262662,0.4100000000000001,0.8007968127490039,COMPLETE
301,0.7645075951527565,2026-06-24 19:03:33.741378,2026-06-24 19:03:34.138457,0 days 00:00:00.397079,0.0907651630683148,0.7396967331503554,0.7998400322759858,1.5970869565091508,0.6908527769648874,0.016858058574082384,4,48,212,0.6725431631225538,0.4400000000000001,0.8047808764940239,COMPLETE
302,0.7723480969448712,2026-06-24 19:03:34.185712,2026-06-24 19:03:34.555227,0 days 00:00:00.369515,0.09348473782370104,0.7550478229375447,0.774990681260457,1.7513812694077489,0.6174057753149698,0.0163788610642272,4,50,232,0.6779780522571562,0.36000000000000004,0.8007968127490039,COMPLETE
303,0.7664277180406212,2026-06-24 19:03:34.602582,2026-06-24 19:03:35.026802,0 days 00:00:00.424220,0.09640712990928882,0.7477926559407968,0.7637273969025871,2.4754913999907067,0.6036566643779129,0.017654236926482575,4,50,196,0.6765220228611036,0.4300000000000001,0.8027888446215139,COMPLETE
304,0.7615847414234511,2026-06-24 19:03:35.072948,2026-06-24 19:03:35.458781,0 days 00:00:00.385833,0.08536152881198215,0.7594611511194406,0.7517563410721534,1.7127303197541925,0.5261906788573344,0.005781100633080969,4,46,172,0.6558168102248637,0.34,0.8047808764940239,COMPLETE
305,0.7680811571940604,2026-06-24 19:03:35.505191,2026-06-24 19:03:35.870650,0 days 00:00:00.365459,0.1046181974649626,0.7316745723686108,0.7829835176161211,1.519712826511415,0.5730061771153769,0.016218404301588482,4,50,154,0.6676751751169754,0.4000000000000001,0.8007968127490039,COMPLETE
306,0.7757083119986347,2026-06-24 19:03:35.916975,2026-06-24 19:03:36.289916,0 days 00:00:00.372941,0.09106341085937122,0.7665949149396336,0.775299681334646,1.7479885563403117,0.6468575764021345,0.016607661108577525,4,48,221,0.675433587658584,0.4200000000000001,0.8027888446215139,COMPLETE
307,0.7605180064857484,2026-06-24 19:03:36.337419,2026-06-24 19:03:36.764453,0 days 00:00:00.427034,0.08951861846358009,0.7522734112377502,0.7666817877297358,1.6048571805207097,0.6444508387435218,0.01689776450841313,4,47,223,0.6594081941639546,0.4200000000000001,0.8007968127490039,COMPLETE
308,0.7680491551459293,2026-06-24 19:03:36.811022,2026-06-24 19:03:37.191890,0 days 00:00:00.380868,0.10238669206887549,0.7585032497346559,0.7749796302847474,1.8273234978578115,0.8143357976544583,0.01747882834949827,4,46,260,0.6856466862512415,0.39000000000000007,0.8007968127490039,COMPLETE
309,0.7675797917733401,2026-06-24 19:03:37.239985,2026-06-24 19:03:37.608468,0 days 00:00:00.368483,0.08580121607328421,0.7671724981642144,0.7521617617117338,1.6813442825371,0.6659340858795698,0.016445174277769915,4,48,282,0.6718781118358422,0.4300000000000001,0.8047808764940239,COMPLETE
310,0.7632275132275133,2026-06-24 19:03:37.654882,2026-06-24 19:03:37.983444,0 days 00:00:00.328562,0.09725375091388136,0.7419462694337119,0.7769438871527642,1.768332479602048,0.5838985223006661,0.0156568697593296,4,48,239,0.664488326921939,0.38000000000000006,0.8007968127490039,COMPLETE
311,0.763558201058201,2026-06-24 19:03:38.029897,2026-06-24 19:03:38.354990,0 days 00:00:00.325093,0.11342516295188969,0.7718579881104893,0.7635690441167902,1.944027131533664,0.50010242968736,0.015678658423065827,4,47,212,0.6759997738460765,0.4000000000000001,0.8047808764940239,COMPLETE
312,0.7690305512886157,2026-06-24 19:03:38.402409,2026-06-24 19:03:38.930959,0 days 00:00:00.528550,0.0806301205063916,0.7776060106480592,0.7865011644451355,2.0857374011033576,0.7724683903712023,0.018203304424968238,4,47,204,0.6860020661007997,0.39000000000000007,0.798804780876494,COMPLETE
313,0.7644115890083633,2026-06-24 19:03:38.980391,2026-06-24 19:03:39.341584,0 days 00:00:00.361193,0.10697154679037738,0.7577922802890058,0.7720191523601845,1.825309506703073,0.6135245532837701,0.016599313306242276,4,48,228,0.6781742082212368,0.4000000000000001,0.8067729083665338,COMPLETE
314,0.76431558286397,2026-06-24 19:03:39.388174,2026-06-24 19:03:39.750549,0 days 00:00:00.362375,0.09381982112373208,0.7676466741926571,0.7912926156787383,1.5463220332094423,0.7328969174773058,0.014572135043428852,4,49,196,0.7013053311128848,0.38000000000000006,0.8007968127490039,COMPLETE
315,0.7678784775558969,2026-06-24 19:03:39.796263,2026-06-24 19:03:40.164913,0 days 00:00:00.368650,0.11846628769282709,0.7867138538128168,0.781450791104409,2.2505288977272917,0.5573536092135697,0.015597316401677297,4,48,219,0.6677735789578122,0.35000000000000003,0.8007968127490039,COMPLETE
316,0.764294248165216,2026-06-24 19:03:40.211977,2026-06-24 19:03:40.587857,0 days 00:00:00.375880,0.08820581475636693,0.7775391096274287,0.7592940613716642,1.6748817407330343,0.6957006742851704,0.018490616211848974,4,49,179,0.6898199711204469,0.39000000000000007,0.8007968127490039,COMPLETE
317,0.7713133640552996,2026-06-24 19:03:40.634582,2026-06-24 19:03:40.970441,0 days 00:00:00.335859,0.10460107549707595,0.7884722069513876,0.7761952929817281,1.897504951528453,0.6505212008979485,0.01712689640497615,4,47,247,0.683030824377443,0.36000000000000004,0.798804780876494,COMPLETE
318,0.7588752346816863,2026-06-24 19:03:41.018734,2026-06-24 19:03:41.396415,0 days 00:00:00.377681,0.0793561305727373,0.7882297884457972,0.732395505482233,1.7587936107330258,0.6313655425175109,0.016981166185799066,4,46,260,0.6978494637521679,0.33,0.8027888446215139,COMPLETE
319,0.7622887864823349,2026-06-24 19:03:41.443916,2026-06-24 19:03:41.827221,0 days 00:00:00.383305,0.11367309795570006,0.7683892702471246,0.7693105990913437,1.8878817432241028,0.5495116165936602,0.017792177428256013,4,46,241,0.6869028554332913,0.4400000000000001,0.8047808764940239,COMPLETE
320,0.7668544120157025,2026-06-24 19:03:41.872461,2026-06-24 19:03:42.247530,0 days 00:00:00.375069,0.09527773588904921,0.7921431418956976,0.7490975551153302,1.6332424124414304,0.5943901147330389,0.016078122180526098,4,47,248,0.6718161953119601,0.4000000000000001,0.8047808764940239,COMPLETE
321,0.7658943505717699,2026-06-24 19:03:42.294530,2026-06-24 19:03:42.662641,0 days 00:00:00.368111,0.13041030637744305,0.7550537203997804,0.7759766277961587,2.077571165515636,0.6420474874270962,0.014954605519943162,4,45,230,0.6831480727028504,0.39000000000000007,0.8027888446215139,COMPLETE
322,0.7651263014166241,2026-06-24 19:03:42.708934,2026-06-24 19:03:43.075282,0 days 00:00:00.366348,0.10146413679028878,0.7765806310213134,0.7925951123559656,1.8258888704317995,0.7505102327850144,0.017123643502718545,4,47,169,0.6571754902408311,0.39000000000000007,0.8007968127490039,COMPLETE
323,0.7619794333504011,2026-06-24 19:03:43.121683,2026-06-24 19:03:43.497930,0 days 00:00:00.376247,0.08376288629971831,0.7880341589639519,0.7623321016498656,1.721054323292281,0.6678942648869072,0.014644865362407016,4,48,194,0.6917254511828861,0.4100000000000001,0.8047808764940239,COMPLETE
324,0.7682625021334699,2026-06-24 19:03:43.546239,2026-06-24 19:03:43.932018,0 days 00:00:00.385779,0.12119153646337892,0.7682796495805411,0.799738073633714,1.9674729603066392,0.6095678346718473,0.018665083731238416,4,46,206,0.6817105222170035,0.33,0.8047808764940239,COMPLETE
325,0.7695639187574671,2026-06-24 19:03:43.978291,2026-06-24 19:03:44.368461,0 days 00:00:00.390170,0.1377384709599374,0.7997504888032281,0.7754851494082095,1.5215148234278306,0.8223879028686367,0.015876902495862745,4,48,183,0.6662713912125159,0.4000000000000001,0.8027888446215139,COMPLETE
326,0.7629288274449566,2026-06-24 19:03:44.415963,2026-06-24 19:03:44.790407,0 days 00:00:00.374444,0.11470908316180711,0.7794567965286713,0.7839548053993742,1.8882099352325477,0.7248508681146115,0.015319727976721974,4,47,263,0.6988762265376955,0.39000000000000007,0.8007968127490039,COMPLETE
327,0.762715480457416,2026-06-24 19:03:44.836599,2026-06-24 19:03:45.261713,0 days 00:00:00.425114,0.09098765815099112,0.761339263914318,0.7679611393860718,2.35217294866896,0.5286277375923882,0.013858212640913003,4,49,226,0.6777111493806857,0.4100000000000001,0.8047808764940239,COMPLETE
328,0.7645822665983957,2026-06-24 19:03:45.307994,2026-06-24 19:03:45.693861,0 days 00:00:00.385867,0.10503890655223685,0.7907334350125638,0.7582742168378187,2.1572733277070766,0.5753089012160839,0.016738851144643612,4,48,150,0.6891524625211707,0.4200000000000001,0.8047808764940239,COMPLETE
329,0.7649769585253456,2026-06-24 19:03:45.741603,2026-06-24 19:03:46.115534,0 days 00:00:00.373931,0.07642019427665449,0.7227809207187146,0.7770379202610127,1.7764310209921126,0.6492015049552688,0.017600209737995535,4,49,204,0.7070949649594428,0.4100000000000001,0.8007968127490039,COMPLETE
330,0.7676011264720942,2026-06-24 19:03:46.160598,2026-06-24 19:03:46.739947,0 days 00:00:00.579349,0.12322372152827664,0.7740807376133173,0.7904032515683742,2.044525143408226,0.68859473650008,0.014599526020585781,4,46,165,0.6725365123989485,0.37000000000000005,0.8007968127490039,COMPLETE
331,0.7664490527393754,2026-06-24 19:03:46.788249,2026-06-24 19:03:47.290606,0 days 00:00:00.502357,0.09616098992575231,0.7482016833534056,0.7427679092303415,1.8741744282579524,0.6111466449509144,0.01593302266626344,4,48,238,0.6815585866941032,0.38000000000000006,0.798804780876494,COMPLETE
332,0.7624381293736133,2026-06-24 19:03:47.337454,2026-06-24 19:03:47.986695,0 days 00:00:00.649241,0.14294689484611753,0.782690025536369,0.7690032005363979,1.6455220310819187,0.7418965650155732,0.013677630315214021,4,50,184,0.5757677110867695,0.4000000000000001,0.798804780876494,COMPLETE
333,0.7661290322580646,2026-06-24 19:03:48.034488,2026-06-24 19:03:48.366574,0 days 00:00:00.332086,0.10885017890761536,0.7918898590941769,0.7827617391127883,1.9696142086713286,0.8686505278582904,0.015154199878705586,4,45,194,0.6626265194479766,0.4000000000000001,0.8047808764940239,COMPLETE
334,0.7638462194913809,2026-06-24 19:03:48.413710,2026-06-24 19:03:48.987963,0 days 00:00:00.574253,0.08620090881552726,0.7683055603518183,0.7918482190743588,1.7681809014894054,0.5582578365344975,0.018572812635594092,4,47,219,0.7174820867621505,0.4000000000000001,0.798804780876494,COMPLETE
335,0.7653609831029187,2026-06-24 19:03:49.036596,2026-06-24 19:03:49.424025,0 days 00:00:00.387429,0.13461852471468963,0.7807074311411227,0.7547846699779442,1.5901931422566908,0.6600101484734903,0.01638271728292056,4,11,246,0.6951002034589951,0.4100000000000001,0.7948207171314741,COMPLETE
336,0.7661930363543267,2026-06-24 19:03:49.470722,2026-06-24 19:03:49.823133,0 days 00:00:00.352411,0.17139875539360272,0.7561962487883768,0.7756188267735507,2.102993972021652,0.8097802416490497,0.014684442747980024,4,49,210,0.6726746668354202,0.36000000000000004,0.8007968127490039,COMPLETE
337,0.7723267622461171,2026-06-24 19:03:49.872487,2026-06-24 19:03:50.236580,0 days 00:00:00.364093,0.09951255314957441,0.7916607561396848,0.7831656305392934,1.8937097326486667,0.6013667600779014,0.0174747632774019,4,48,175,0.6857441634609095,0.35000000000000003,0.8007968127490039,COMPLETE
338,0.7582138590203107,2026-06-24 19:03:50.284405,2026-06-24 19:03:51.077825,0 days 00:00:00.793420,0.09897740176893745,0.7945136790307308,0.7903055772279148,1.8259768291332954,17.36747599837924,0.017658601419216907,4,50,477,0.6825490689679209,0.4300000000000001,0.796812749003984,COMPLETE
339,0.7603473288957161,2026-06-24 19:03:51.121507,2026-06-24 19:03:51.813369,0 days 00:00:00.691862,0.07868908485640119,0.773689939891364,0.7655939342421345,1.7029438676187076,0.5280375485615308,0.01882184674483139,4,49,163,0.6665631632423817,0.4200000000000001,0.798804780876494,COMPLETE
340,0.7666197303294078,2026-06-24 19:03:51.859569,2026-06-24 19:03:52.237909,0 days 00:00:00.378340,0.09295326109410448,0.7922051588388828,0.7988777614278031,1.9106063226416103,0.5853546849215968,0.01720445290885081,4,47,147,0.6745291067064222,0.4300000000000001,0.8047808764940239,COMPLETE
341,0.7713987028503158,2026-06-24 19:03:52.285811,2026-06-24 19:03:52.625075,0 days 00:00:00.339264,0.10679856029113098,0.7642409483299812,0.7829116373301113,1.7879522421655607,0.6062912816983219,0.016607344561373256,4,50,199,0.6865867498540186,0.36000000000000004,0.8007968127490039,COMPLETE
342,0.7648916197303294,2026-06-24 19:03:52.671329,2026-06-24 19:03:53.008273,0 days 00:00:00.336944,0.10532030339500524,0.7481284413965368,0.7797300995056619,1.948231018197143,0.5672477848608858,0.016390124305968742,4,49,225,0.6999169095686317,0.4000000000000001,0.8027888446215139,COMPLETE
343,0.7609873698583376,2026-06-24 19:03:53.056274,2026-06-24 19:03:53.443920,0 days 00:00:00.387646,0.08862385830059773,0.7627698438669867,0.7672232691293929,1.8400792812491966,0.6143899792992199,0.01765381322342522,4,46,178,0.6912722059991722,0.4100000000000001,0.798804780876494,COMPLETE
344,0.7625874722648915,2026-06-24 19:03:53.489920,2026-06-24 19:03:53.835093,0 days 00:00:00.345173,0.10756843523932816,0.7689899418581686,0.7580870494433305,1.6849150491385079,0.5081695859454721,0.01841860499715887,4,47,205,0.6853307806987701,0.4200000000000001,0.8047808764940239,COMPLETE
345,0.770662655743301,2026-06-24 19:03:53.881626,2026-06-24 19:03:54.247750,0 days 00:00:00.366124,0.11511893804094632,0.7538994950396095,0.783936467876902,1.5237782059131448,0.6486578900446746,0.015690531847235685,4,48,233,0.6841705619999345,0.4200000000000001,0.8007968127490039,COMPLETE
346,0.7628221539511861,2026-06-24 19:03:54.295386,2026-06-24 19:03:54.669385,0 days 00:00:00.373999,0.11506024391975848,0.7355999053259509,0.7863312702910644,1.465417187611265,0.5984991607016498,0.01667510329765986,4,48,244,0.6566314882701981,0.39000000000000007,0.8027888446215139,COMPLETE
347,0.759173920464243,2026-06-24 19:03:54.716090,2026-06-24 19:03:55.426571,0 days 00:00:00.710481,0.09993716397708757,0.7406278578805254,0.7727613918527549,1.5628272536386119,0.6587712387684913,0.015985854026361716,4,48,225,0.7038184705907835,0.47000000000000014,0.7948207171314741,COMPLETE
348,0.7670250896057348,2026-06-24 19:03:55.474309,2026-06-24 19:03:56.011700,0 days 00:00:00.537391,0.07756791902427483,0.752043473982078,0.7848258215164899,1.5127880762391714,0.5531383351413467,0.017195508458354165,4,47,290,0.6889985753581637,0.4000000000000001,0.798804780876494,COMPLETE
349,0.7650622973203619,2026-06-24 19:03:56.059763,2026-06-24 19:03:56.410436,0 days 00:00:00.350673,0.08978910026328323,0.7560011750800676,0.7999825341048079,1.6573975314628306,0.6307376543021069,0.015300195496104995,4,45,268,0.6729255761498706,0.4300000000000001,0.8047808764940239,COMPLETE
350,0.7638248847926269,2026-06-24 19:03:56.458851,2026-06-24 19:03:56.854253,0 days 00:00:00.395402,0.11656298957025188,0.7637580658690296,0.7699303954552792,1.7762780821229025,0.6857970797429996,0.01579741566270296,4,46,257,0.6859417754320731,0.4200000000000001,0.8027888446215139,COMPLETE
351,0.7689025430960914,2026-06-24 19:03:56.906654,2026-06-24 19:03:57.420836,0 days 00:00:00.514182,0.10139426767663645,0.7999191112945983,0.7513559397421186,1.6539703775967023,0.5874434732107018,0.019531575209835606,4,47,236,0.6958337576429057,0.37000000000000005,0.8007968127490039,COMPLETE
352,0.7709720088752346,2026-06-24 19:03:57.471158,2026-06-24 19:03:57.842987,0 days 00:00:00.371829,0.0834559521121902,0.7733764175727302,0.7804117782854579,1.774731418697553,0.6414042362074039,0.018041356316129183,4,48,216,0.6673261747203418,0.36000000000000004,0.798804780876494,COMPLETE
353,0.7635475337088241,2026-06-24 19:03:57.890579,2026-06-24 19:03:58.322399,0 days 00:00:00.431820,0.0841079549609251,0.7735142189123239,0.7652466431675914,1.8632847631717833,0.500910622762044,0.01954965754716945,4,49,216,0.6631491421666988,0.4400000000000001,0.8007968127490039,COMPLETE
354,0.7666837344256698,2026-06-24 19:03:58.372899,2026-06-24 19:03:58.746840,0 days 00:00:00.373941,0.07678370852612593,0.7767212275410036,0.7743052429829074,1.7802343746907219,0.548456380824859,0.018437043355756296,4,48,201,0.6555988984006235,0.4100000000000001,0.8007968127490039,COMPLETE
355,0.7687532002048132,2026-06-24 19:03:58.794962,2026-06-24 19:03:59.172157,0 days 00:00:00.377195,0.09447220799088545,0.763581672843775,0.7906669888441322,1.8895420269229242,0.6994779777420979,0.01778320038975499,4,46,312,0.6700072050057294,0.4000000000000001,0.8007968127490039,COMPLETE
356,0.7635261990100699,2026-06-24 19:03:59.222709,2026-06-24 19:03:59.640542,0 days 00:00:00.417833,0.08306516192742827,0.7809624504527602,0.7582905400502105,1.7247642865426398,0.6063325951044971,0.01699113934984084,4,49,191,0.6661428546695927,0.4300000000000001,0.8007968127490039,COMPLETE
357,0.755184331797235,2026-06-24 19:03:59.692458,2026-06-24 19:04:00.495662,0 days 00:00:00.803204,0.09390902187344201,0.5064505278127959,0.7413365485770239,1.9964874560499526,0.6454753763227198,0.018587620065304115,4,48,215,0.6768580063215135,0.46000000000000013,0.7908366533864541,COMPLETE
358,0.77073732718894,2026-06-24 19:04:00.543800,2026-06-24 19:04:00.945176,0 days 00:00:00.401376,0.08531988427681096,0.7902429123493598,0.7778826007090772,1.8179016278660929,0.5544968714522897,0.016524598004105297,4,47,209,0.6726283125751891,0.35000000000000003,0.8007968127490039,COMPLETE
359,0.7726147806792969,2026-06-24 19:04:00.995013,2026-06-24 19:04:01.384537,0 days 00:00:00.389524,0.10382688656681541,0.7999751294941567,0.7908213337613752,1.9410499442975713,0.6938942626041505,0.017543425228805167,4,49,192,0.6788831924515661,0.4000000000000001,0.798804780876494,COMPLETE
360,0.7643795869602321,2026-06-24 19:04:01.432600,2026-06-24 19:04:01.796303,0 days 00:00:00.363703,0.10341242515958778,0.7983900157464876,0.7926493682373734,1.748924141260746,0.6951065820107228,0.017879620814351002,4,50,187,0.6589517302126713,0.39000000000000007,0.8007968127490039,COMPLETE
361,0.7697132616487457,2026-06-24 19:04:01.844459,2026-06-24 19:04:02.216142,0 days 00:00:00.371683,0.07467356933508988,0.7730917654564855,0.7915041217571219,1.5994555106701274,0.6163703178216858,0.019964072814854312,4,49,219,0.675945033186735,0.35000000000000003,0.8007968127490039,COMPLETE
362,0.7676864652671105,2026-06-24 19:04:02.264141,2026-06-24 19:04:02.653623,0 days 00:00:00.389482,0.09179928393059514,0.7813386820671155,0.7990207072315219,1.9056305819961685,0.5832111667549101,0.01714964281787196,4,49,175,0.6669329603732496,0.38000000000000006,0.8027888446215139,COMPLETE
363,0.7711426864652672,2026-06-24 19:04:02.701950,2026-06-24 19:04:03.076027,0 days 00:00:00.374077,0.10643033533740187,0.7995373070965001,0.7830910841889094,1.8115991729167753,0.6644895717009993,0.018677368219451845,4,50,193,0.6914508015593758,0.38000000000000006,0.8007968127490039,COMPLETE
364,0.7590459122717188,2026-06-24 19:04:03.123406,2026-06-24 19:04:04.095684,0 days 00:00:00.972278,0.10642092418021229,0.7931157134563707,0.7666492263240012,1.907609477858092,0.6872313246473059,0.019103796279982453,4,50,202,0.7070561422399225,0.47000000000000014,0.7908366533864541,COMPLETE
365,0.7688065369516982,2026-06-24 19:04:04.145202,2026-06-24 19:04:04.506797,0 days 00:00:00.361595,0.09554207742320275,0.7999585284201289,0.7795147992868323,1.8348402492895621,0.6126180924479043,0.018275304298778626,4,49,249,0.6948735009832108,0.37000000000000005,0.8027888446215139,COMPLETE
366,0.7631848438300051,2026-06-24 19:04:04.554506,2026-06-24 19:04:04.980936,0 days 00:00:00.426430,0.10875837857165697,0.7887778939429846,0.7693256706661934,1.9581643363207024,0.5374289569661912,0.02051779989394849,4,47,412,0.6896404522864521,0.39000000000000007,0.798804780876494,COMPLETE
367,0.7656810035842294,2026-06-24 19:04:05.028801,2026-06-24 19:04:05.409929,0 days 00:00:00.381128,0.08380096244521011,0.7679391504095247,0.7845147151406447,1.6949533680858095,0.7083721342097727,0.019276800903416255,4,48,230,0.7007907373316582,0.4200000000000001,0.798804780876494,COMPLETE
368,0.7652756443079025,2026-06-24 19:04:05.458348,2026-06-24 19:04:05.823785,0 days 00:00:00.365437,0.09848500085390438,0.7997606712753064,0.7621073642233893,1.8192965632660734,0.6491187073617677,0.016784102725561096,4,50,218,0.6866166090251342,0.4200000000000001,0.8047808764940239,COMPLETE
369,0.7719854070660523,2026-06-24 19:04:05.870912,2026-06-24 19:04:06.301135,0 days 00:00:00.430223,0.11828063652170351,0.7877305447147651,0.7769172577735425,1.6100219222166912,0.5822364337861169,0.01770579135889953,4,45,196,0.6807632936673441,0.34,0.8007968127490039,COMPLETE
