number,value,datetime_start,datetime_complete,duration,params_alpha,params_colsample_bylevel,params_colsample_bytree,params_gamma,params_lambda,params_learning_rate,params_max_depth,params_min_child_weight,params_n_estimators,params_subsample,user_attrs_threshold,user_attrs_val_acc,state
222,0.7691798941798943,2026-06-24 19:02:58.812562,2026-06-24 19:02:59.148583,0 days 00:00:00.336021,0.18802714354065242,0.7811201896583325,0.7907526278291166,1.7571289460960084,0.6187048320697222,0.013342616009245195,4,50,202,0.6697266738805882,0.4000000000000001,0.8047808764940239,COMPLETE
223,0.7704173067076293,2026-06-24 19:02:59.194294,2026-06-24 19:02:59.519830,0 days 00:00:00.325536,0.15084233817874762,0.7824837169920515,0.7902657606620462,1.7462014929964416,0.6270641750305398,0.013289245810024096,4,50,197,0.6790887898739973,0.4000000000000001,0.8047808764940239,COMPLETE
224,0.7701186209250726,2026-06-24 19:02:59.566994,2026-06-24 19:02:59.920691,0 days 00:00:00.353697,0.15012758956009403,0.782847930149692,0.7908022880804173,1.7505612903337016,0.6293423808084196,0.013165807622954856,4,50,186,0.6779829485492762,0.4000000000000001,0.8047808764940239,COMPLETE
225,0.7684011776753714,2026-06-24 19:02:59.969594,2026-06-24 19:03:00.352446,0 days 00:00:00.382852,0.19784814858027194,0.77847174146177,0.7908293006931857,1.7458870204434025,0.6454063483256208,0.013009067886511749,4,50,179,0.6786623180417947,0.4100000000000001,0.8027888446215139,COMPLETE
226,0.7708546680320875,2026-06-24 19:03:00.399958,2026-06-24 19:03:00.761227,0 days 00:00:00.361269,0.1849994637515264,0.7810609402386068,0.7901413434944177,1.7506594132870261,0.6503819797814142,0.01301278455105922,4,50,184,0.6754831214647704,0.4000000000000001,0.8027888446215139,COMPLETE
227,0.7689558798429765,2026-06-24 19:03:00.807256,2026-06-24 19:03:01.173008,0 days 00:00:00.365752,0.1904145779108349,0.7787393959822537,0.7937382364052634,1.7445129912091033,0.6416941605818585,0.013205072931122223,4,50,179,0.6793193627677194,0.4100000000000001,0.8027888446215139,COMPLETE
228,0.7668757467144564,2026-06-24 19:03:01.224212,2026-06-24 19:03:01.594518,0 days 00:00:00.370306,0.18258406663082646,0.7823966217869787,0.7999237825397809,1.750524510939792,0.6192475338901854,0.013103940593078046,4,50,183,0.6796406145588368,0.4000000000000001,0.8047808764940239,COMPLETE
229,0.7678464755077659,2026-06-24 19:03:01.640716,2026-06-24 19:03:01.997652,0 days 00:00:00.356936,0.19772713183370041,0.7693551719664877,0.7911071099663409,1.8932069606888833,0.6416614321826445,0.011457814672617826,4,50,198,0.6714482086943034,0.39000000000000007,0.8047808764940239,COMPLETE
230,0.7678678102065198,2026-06-24 19:03:02.044451,2026-06-24 19:03:02.420722,0 days 00:00:00.376271,0.2274172661873717,0.7911314531784289,0.7923748690423116,1.7824453093625268,0.7253824859566432,0.013432999021277776,4,50,174,0.6788418327111111,0.4100000000000001,0.8027888446215139,COMPLETE
231,0.7675797917733401,2026-06-24 19:03:02.468015,2026-06-24 19:03:02.835250,0 days 00:00:00.367235,0.17771056478464003,0.7775090019254868,0.7880604666509883,1.7296825993712865,0.6735067586069968,0.014013644081955367,4,50,188,0.6823492918760402,0.37000000000000005,0.8027888446215139,COMPLETE
232,0.7685611879160266,2026-06-24 19:03:02.881253,2026-06-24 19:03:03.239084,0 days 00:00:00.357831,0.20010925460346368,0.7803131706963707,0.79098975385438,1.8652461210370628,0.670605415142967,0.012835612253736679,4,50,169,0.6705884932920689,0.4000000000000001,0.8047808764940239,COMPLETE
233,0.7689558798429765,2026-06-24 19:03:03.285452,2026-06-24 19:03:03.642867,0 days 00:00:00.357415,0.20311034299181122,0.7845736653975118,0.7936414238528862,1.8982242232206477,0.6229296757664772,0.011857427722479193,4,50,198,0.6691507956152691,0.39000000000000007,0.8047808764940239,COMPLETE
234,0.7673131080389146,2026-06-24 19:03:03.689433,2026-06-24 19:03:04.054457,0 days 00:00:00.365024,0.14635151088677373,0.7902919055372251,0.7735368810804005,1.8925555705787074,0.6078039508206425,0.011692260532028481,4,50,198,0.6719412930589582,0.39000000000000007,0.8047808764940239,COMPLETE
235,0.7658516811742618,2026-06-24 19:03:04.099877,2026-06-24 19:03:04.494699,0 days 00:00:00.394822,0.22418651684905924,0.7673284315668671,0.7922073290755849,1.8729677924780657,0.7052593694097721,0.012603741497674414,4,49,203,0.6659892511420114,0.37000000000000005,0.8007968127490039,COMPLETE
236,0.7634621949138078,2026-06-24 19:03:04.543052,2026-06-24 19:03:04.970579,0 days 00:00:00.427527,0.1656735451053798,0.7844025933955449,0.7622829045864951,1.6804375056385834,0.6169911542294995,0.014013966090557557,4,50,171,0.6701178655319117,0.4000000000000001,0.8047808764940239,COMPLETE
237,0.7601979860044376,2026-06-24 19:03:05.019443,2026-06-24 19:03:05.416714,0 days 00:00:00.397271,0.19273788399590158,0.7451185206067994,0.7725594328887336,1.991590837870172,0.7891546668201904,0.01263745200445643,4,49,207,0.6609999063097436,0.39000000000000007,0.8027888446215139,COMPLETE
238,0.7659156852705239,2026-06-24 19:03:05.463013,2026-06-24 19:03:05.836542,0 days 00:00:00.373529,0.2564607327047647,0.7988378959796095,0.7985894828750367,1.8181613428528274,0.5408233986263421,0.013700936518785551,4,50,188,0.6823523877149296,0.4200000000000001,0.8047808764940239,COMPLETE
239,0.7668010752688172,2026-06-24 19:03:05.882727,2026-06-24 19:03:06.251847,0 days 00:00:00.369120,0.14623607072201236,0.756952024314266,0.7830263039598324,1.6190997122013664,0.6843052141327092,0.014841904984827261,4,49,220,0.6694804721098707,0.38000000000000006,0.8007968127490039,COMPLETE
240,0.7665877282812766,2026-06-24 19:03:06.297970,2026-06-24 19:03:06.658784,0 days 00:00:00.360814,0.1689562300782253,0.7716321519338966,0.7831240749996212,2.0883965355401046,0.5876180687878105,0.011942123298778674,4,49,191,0.6757170618018936,0.4000000000000001,0.8047808764940239,COMPLETE
241,0.7683798429766172,2026-06-24 19:03:06.705475,2026-06-24 19:03:07.072371,0 days 00:00:00.366896,0.20622968681443088,0.7808462465228195,0.7912207063575522,1.7870210190852232,0.6447196689769987,0.01292213300072846,4,50,176,0.6789838146984375,0.4000000000000001,0.8027888446215139,COMPLETE
242,0.7684971838197645,2026-06-24 19:03:07.118046,2026-06-24 19:03:07.692095,0 days 00:00:00.574049,0.23356565459340486,0.7810364348604755,0.7913807464663608,1.7395289623904184,0.6369017965932299,0.013299694628585965,4,50,181,0.685532051667091,0.4400000000000001,0.8007968127490039,COMPLETE
243,0.7664703874381293,2026-06-24 19:03:07.740650,2026-06-24 19:03:08.071126,0 days 00:00:00.330476,0.23357640702420013,0.7899133758709829,0.7998554368566088,1.9263654729680273,0.6074090907481193,0.01427335806916283,4,49,206,0.6873519796326092,0.4200000000000001,0.8047808764940239,COMPLETE
244,0.7717400580303806,2026-06-24 19:03:08.117465,2026-06-24 19:03:08.443869,0 days 00:00:00.326404,0.13952681426071123,0.766401224036667,0.7741786351743404,1.6980279714391493,0.7002284522703563,0.015061211272607915,4,50,167,0.6866666201019331,0.35000000000000003,0.8027888446215139,COMPLETE
245,0.7660650281618024,2026-06-24 19:03:08.490250,2026-06-24 19:03:08.821064,0 days 00:00:00.330814,0.12466482425542304,0.7635282043770595,0.7746828152460018,1.8444621389250693,0.7350917475950215,0.015365277236115098,4,49,159,0.6652503172805008,0.35000000000000003,0.8007968127490039,COMPLETE
246,0.761499402628435,2026-06-24 19:03:08.867985,2026-06-24 19:03:09.234466,0 days 00:00:00.366481,0.14450341652548676,0.7714641196932023,0.7664204855779191,1.6261754396681012,0.5528962716487723,0.014906894362113959,4,50,219,0.6910626581424696,0.4100000000000001,0.8047808764940239,COMPLETE
247,0.7638462194913808,2026-06-24 19:03:09.281642,2026-06-24 19:03:09.635145,0 days 00:00:00.353503,0.17735708241048195,0.7983337160865048,0.7559643502570031,1.6824696660324916,0.6827042503132388,0.010093353039815033,4,49,194,0.6744546849095919,0.36000000000000004,0.8027888446215139,COMPLETE
248,0.7705666495989079,2026-06-24 19:03:09.680431,2026-06-24 19:03:10.041853,0 days 00:00:00.361422,0.15447038637638094,0.7859109648907215,0.7797710391880256,2.0015808049913115,0.7706031591705645,0.013771781216980382,4,50,171,0.6805732131359776,0.38000000000000006,0.8007968127490039,COMPLETE
249,0.7707906639358253,2026-06-24 19:03:10.090568,2026-06-24 19:03:10.451028,0 days 00:00:00.360460,0.1297968259604102,0.7878295892290281,0.778658302541062,2.0154536387376605,0.7893296135073131,0.013950194058369654,4,48,201,0.6819498118308741,0.39000000000000007,0.8027888446215139,COMPLETE
250,0.7697345963474995,2026-06-24 19:03:10.497449,2026-06-24 19:03:11.038992,0 days 00:00:00.541543,0.13480702630947425,0.7900353535407205,0.7748590076944882,2.023077467914921,0.7808026760707318,0.014091742492386141,4,48,209,0.6902726049400751,0.37000000000000005,0.798804780876494,COMPLETE
251,0.7613607270865336,2026-06-24 19:03:11.084183,2026-06-24 19:03:11.455338,0 days 00:00:00.371155,0.13638729636270838,0.7999493881148052,0.772569135161551,2.300451657958888,0.8057369415277806,0.01433863557461978,4,48,204,0.693659706048629,0.39000000000000007,0.8007968127490039,COMPLETE
252,0.7636008704557091,2026-06-24 19:03:11.501338,2026-06-24 19:03:11.832408,0 days 00:00:00.331070,0.12382532159276075,0.77130554095534,0.7602531024147885,2.1489746231196847,0.7694078225379006,0.01616666792603631,4,48,194,0.7012740857083568,0.4200000000000001,0.8027888446215139,COMPLETE
253,0.7708653353814645,2026-06-24 19:03:11.878644,2026-06-24 19:03:12.210052,0 days 00:00:00.331408,0.15627747098515196,0.787103848689077,0.7783472386057532,2.073236687292857,0.8036727992469468,0.015212404928179513,4,50,184,0.6885393929424121,0.35000000000000003,0.8027888446215139,COMPLETE
254,0.7644435910564943,2026-06-24 19:03:12.259518,2026-06-24 19:03:12.630394,0 days 00:00:00.370876,0.16293366573584134,0.7592324099959348,0.7521449361245247,2.0451474665473017,0.8148728702452404,0.01559230300866696,4,49,167,0.6899970363191424,0.33,0.8027888446215139,COMPLETE
255,0.7695852534562212,2026-06-24 19:03:12.676299,2026-06-24 19:03:13.035470,0 days 00:00:00.359171,0.15025708617642555,0.7905246974481954,0.7769560597062719,2.0536682155044965,0.7626262408364398,0.01433023520874712,4,48,183,0.6838247255193315,0.4000000000000001,0.8027888446215139,COMPLETE
256,0.7626408090117767,2026-06-24 19:03:13.082215,2026-06-24 19:03:13.491366,0 days 00:00:00.409151,0.14280070672637965,0.7901376552757055,0.767216907147642,2.1914467578259984,0.7518104883144069,0.015079887095181602,4,48,225,0.6962443347287249,0.4200000000000001,0.8067729083665338,COMPLETE
257,0.7684011776753714,2026-06-24 19:03:13.539545,2026-06-24 19:03:13.929508,0 days 00:00:00.389963,0.1530563944997093,0.791955304741537,0.7763748925661585,2.03545030205885,0.8071687268040028,0.01427785675950131,4,48,207,0.6850726911285483,0.35000000000000003,0.8027888446215139,COMPLETE
258,0.7634195255162997,2026-06-24 19:03:13.978756,2026-06-24 19:03:14.349310,0 days 00:00:00.370554,0.12292070696567049,0.768915612491844,0.7609762165742971,1.9936314487030569,0.7334058959067671,0.015755930850894183,4,49,157,0.7057492876705056,0.39000000000000007,0.8027888446215139,COMPLETE
259,0.7703533026113671,2026-06-24 19:03:14.395623,2026-06-24 19:03:14.762164,0 days 00:00:00.366541,0.1399792746538842,0.784145249916,0.7787655835455176,2.099403316358949,0.7703452711914996,0.014188904175849124,4,48,183,0.6913860598877448,0.35000000000000003,0.8027888446215139,COMPLETE
260,0.7673451100870455,2026-06-24 19:03:14.806986,2026-06-24 19:03:15.168318,0 days 00:00:00.361332,0.13588403040542207,0.7510848425357484,0.777410597846993,2.2319993397087723,0.7526119429215314,0.014533295088075174,4,48,186,0.6900902779815274,0.4200000000000001,0.8027888446215139,COMPLETE
261,0.7592805939580134,2026-06-24 19:03:15.214714,2026-06-24 19:03:15.647305,0 days 00:00:00.432591,0.11940657218580204,0.7342552648219314,0.7674150909363889,2.3759736042747894,0.8319488604621805,0.016069908013367277,4,48,169,0.7017334625258244,0.4000000000000001,0.8007968127490039,COMPLETE
262,0.7665130568356375,2026-06-24 19:03:15.693436,2026-06-24 19:03:16.067984,0 days 00:00:00.374548,0.1450401723864004,0.7921387925248562,0.7509717055945716,2.0919315474916225,0.7889052609679315,0.01386571411965853,4,49,187,0.6936189963517749,0.4000000000000001,0.8067729083665338,COMPLETE
263,0.7695319167093362,2026-06-24 19:03:16.115682,2026-06-24 19:03:16.483149,0 days 00:00:00.367467,0.13520921169823838,0.7996438809921832,0.779076139379529,2.1400609748918793,0.708957168792441,0.015049806365001188,4,48,219,0.6833587444571179,0.4000000000000001,0.8007968127490039,COMPLETE
264,0.7695959208055982,2026-06-24 19:03:16.530273,2026-06-24 19:03:16.927642,0 days 00:00:00.397369,0.13175411265297307,0.7973536801250485,0.7774580047716584,2.147876151397541,0.7049861873980146,0.01506988149531293,4,48,233,0.6875447501195023,0.35000000000000003,0.798804780876494,COMPLETE
265,0.7689985492404847,2026-06-24 19:03:16.973178,2026-06-24 19:03:17.342018,0 days 00:00:00.368840,0.12970844285674032,0.7999927376518844,0.7792566989137664,2.3102569775752047,0.7073510668098028,0.016718989818848687,4,48,253,0.7110585869728185,0.4000000000000001,0.8027888446215139,COMPLETE
266,0.7624701314217444,2026-06-24 19:03:17.389189,2026-06-24 19:03:17.812906,0 days 00:00:00.423717,0.11631868866062245,0.7888635720436012,0.7708100755619841,2.151430629918257,0.8330415635650259,0.015234014938970277,4,47,245,0.6874593005088792,0.4200000000000001,0.8047808764940239,COMPLETE
267,0.7669077487625875,2026-06-24 19:03:17.860185,2026-06-24 19:03:18.220458,0 days 00:00:00.360273,0.10741190594905806,0.7932345536180827,0.7803432651987272,2.1005813731476604,0.7704803173433751,0.01440972991437217,4,49,230,0.6972258163067543,0.35000000000000003,0.8007968127490039,COMPLETE
268,0.7615847414234511,2026-06-24 19:03:18.266628,2026-06-24 19:03:18.638302,0 days 00:00:00.371674,0.12957364692698695,0.7670179903169101,0.7625211273554637,2.2227070124762864,0.8819157583647977,0.01626449966873711,4,48,219,0.6856920308058309,0.4200000000000001,0.8047808764940239,COMPLETE
269,0.7700226147806793,2026-06-24 19:03:18.684676,2026-06-24 19:03:19.053111,0 days 00:00:00.368435,0.15840572753136184,0.7992829220851217,0.7742873727022893,1.976271776390087,0.7112750344305616,0.014940703478488918,4,49,233,0.6931953225601092,0.35000000000000003,0.8007968127490039,COMPLETE
270,0.7626088069636456,2026-06-24 19:03:19.100337,2026-06-24 19:03:19.817836,0 days 00:00:00.717499,0.11872753548378354,0.7860703306338735,0.7704388622374329,2.044443066860456,0.7179894092848162,0.016030178249288523,4,49,241,0.7051700468527969,0.4200000000000001,0.796812749003984,COMPLETE
271,0.7638462194913808,2026-06-24 19:03:19.865900,2026-06-24 19:03:20.350081,0 days 00:00:00.484181,0.16698380328550474,0.774582709479905,0.7573110926224299,1.918801498602389,0.7806913301586235,0.014192010818833197,4,49,228,0.6959231339082274,0.4300000000000001,0.8007968127490039,COMPLETE
272,0.7696705922512375,2026-06-24 19:03:20.396494,2026-06-24 19:03:20.724540,0 days 00:00:00.328046,0.15556173099117399,0.7866788272121945,0.7804089347689755,2.0137293537210086,0.6849917564784969,0.014073011556226827,4,47,211,0.6909858914194319,0.4100000000000001,0.8027888446215139,COMPLETE
273,0.7608806963645673,2026-06-24 19:03:20.771026,2026-06-24 19:03:21.155378,0 days 00:00:00.384352,0.10917669140044751,0.7609325148284378,0.7671108591450352,1.9911773209971029,0.5711961505587227,0.017032979706978774,4,47,208,0.6916724990330004,0.4200000000000001,0.8027888446215139,COMPLETE
274,0.7680491551459293,2026-06-24 19:03:21.205671,2026-06-24 19:03:21.551558,0 days 00:00:00.345887,0.1622553030931928,0.772594972753898,0.7809477501148914,1.9751463470358235,0.5018163006965851,0.01547976670950875,4,47,255,0.7010863306502961,0.36000000000000004,0.8007968127490039,COMPLETE
275,0.7731801501962792,2026-06-24 19:03:21.599287,2026-06-24 19:03:21.971492,0 days 00:00:00.372205,0.10212459068600502,0.7998769962595619,0.782925013673538,1.9696644705665474,0.6661335456706692,0.014792819324166278,4,49,234,0.6771490975599838,0.4200000000000001,0.8027888446215139,COMPLETE
276,0.770310633213859,2026-06-24 19:03:22.017491,2026-06-24 19:03:22.392502,0 days 00:00:00.375011,0.10342774787776124,0.782836114546821,0.7827138483538004,1.9538153865178791,0.6850285224306002,0.012655017102204272,4,50,213,0.6781059053271815,0.4000000000000001,0.8027888446215139,COMPLETE
277,0.7624807987711213,2026-06-24 19:03:22.438698,2026-06-24 19:03:22.815042,0 days 00:00:00.376344,0.0970500127272323,0.7750888191166113,0.766487158991768,1.9063954573487265,0.5692217923715803,0.012742490640265856,4,50,217,0.675074936608115,0.39000000000000007,0.8047808764940239,COMPLETE
278,0.7601766513056837,2026-06-24 19:03:22.862266,2026-06-24 19:03:23.294086,0 days 00:00:00.431820,0.10183575903574428,0.7639539302222099,0.7701760161359843,1.9208048069644716,0.661810210331192,0.012217081413528131,4,50,191,0.6605556778711581,0.4000000000000001,0.8047808764940239,COMPLETE
279,0.7634408602150538,2026-06-24 19:03:23.339351,2026-06-24 19:03:23.973857,0 days 00:00:00.634506,0.10858637580596475,0.7838294796049116,0.7840282402063724,1.945151373858766,0.5223078690414326,0.013801968859398259,4,49,210,0.8883139822581642,0.4300000000000001,0.8007968127490039,COMPLETE
280,0.765126301416624,2026-06-24 19:03:24.019772,2026-06-24 19:03:24.417413,0 days 00:00:00.397641,0.11873302420504742,0.7775567631862625,0.7587663483989145,1.8379999267358746,0.586696295184003,0.01238541993809503,4,49,238,0.6775739563036371,0.4000000000000001,0.8027888446215139,COMPLETE
281,0.7691265574330091,2026-06-24 19:03:24.464145,2026-06-24 19:03:24.818584,0 days 00:00:00.354439,0.09915860586696944,0.7516247981075103,0.7835766825141628,1.5598930833153801,0.674578262870801,0.01346464145766544,4,50,195,0.678958044614438,0.4000000000000001,0.8047808764940239,COMPLETE
282,0.7640809011776755,2026-06-24 19:03:24.865992,2026-06-24 19:03:25.227980,0 days 00:00:00.361988,0.11888458211021204,0.7998106683622461,0.7718768900766352,1.6506505356922696,0.5527686466183587,0.017084760646235927,4,49,158,0.6754222607186111,0.4000000000000001,0.8047808764940239,COMPLETE
283,0.7650196279228537,2026-06-24 19:03:25.274204,2026-06-24 19:03:25.635806,0 days 00:00:00.361602,0.10688655448391092,0.7842421243381329,0.7855049117544559,1.9588417062918677,0.6024169077020348,0.016171915857320484,4,50,229,0.6602021674917284,0.39000000000000007,0.8007968127490039,COMPLETE
284,0.7637182112988565,2026-06-24 19:03:25.685584,2026-06-24 19:03:26.396748,0 days 00:00:00.711164,0.09362799910707198,0.7701097044430296,0.7608637743658294,1.8314000293913029,0.6715206997169862,0.0147922337613523,4,49,169,0.6829419357972862,0.4000000000000001,0.796812749003984,COMPLETE
285,0.7630141662399726,2026-06-24 19:03:26.443347,2026-06-24 19:03:26.838836,0 days 00:00:00.395489,0.13292775316456065,0.7887701325910593,0.7410419987566081,2.1052474728627133,0.9214108226880913,0.011330860476158677,4,50,200,0.6971787047881599,0.36000000000000004,0.8027888446215139,COMPLETE
286,0.7657770097286226,2026-06-24 19:03:26.886594,2026-06-24 19:03:27.238579,0 days 00:00:00.351985,0.11594439077532437,0.7584490136331612,0.7834804317140337,1.9703166345039156,0.7446935815021914,0.013074239680305468,4,49,247,0.674209477000373,0.4000000000000001,0.8027888446215139,COMPLETE
287,0.7633341867212835,2026-06-24 19:03:27.285227,2026-06-24 19:03:28.016881,0 days 00:00:00.731654,0.10072452112488987,0.7756830225721147,0.7716057105441326,1.6075278922536067,0.6415140062118266,0.013731512794099177,4,50,272,0.6883288112149106,0.39000000000000007,0.798804780876494,COMPLETE
288,0.7592592592592593,2026-06-24 19:03:28.063220,2026-06-24 19:03:28.442105,0 days 00:00:00.378885,0.17420251534830794,0.7834833544771517,0.7729742144837406,1.8286973471625345,0.8576405414019613,0.015814408532217814,4,48,216,0.7088985240579813,0.4000000000000001,0.8007968127490039,COMPLETE
289,0.7645289298515104,2026-06-24 19:03:28.489930,2026-06-24 19:03:28.824393,0 days 00:00:00.334463,0.143132906489209,0.766044696868905,0.7993501127100165,2.2247143723122953,0.7107973458163602,0.012512160762772596,4,46,190,0.6802504038539954,0.4000000000000001,0.8027888446215139,COMPLETE
290,0.7678464755077659,2026-06-24 19:03:28.870457,2026-06-24 19:03:29.204876,0 days 00:00:00.334419,0.12520069655891466,0.79239747365765,0.7848503603637095,1.689629469704728,0.5394407506567439,0.014731474657980439,4,49,183,0.6652016808965961,0.37000000000000005,0.8027888446215139,COMPLETE
291,0.7622141150366957,2026-06-24 19:03:29.251302,2026-06-24 19:03:29.607795,0 days 00:00:00.356493,0.10974047810960395,0.7999336276835342,0.7573634699002874,2.0473501941528958,0.5933842402197103,0.013838426793378485,4,50,150,0.6943135945738098,0.4100000000000001,0.8047808764940239,COMPLETE
292,0.772636115378051,2026-06-24 19:03:29.654913,2026-06-24 19:03:30.041567,0 days 00:00:00.386654,0.0947809454401884,0.7788365249540695,0.7845917282363477,1.8412035103355802,0.6408166546852216,0.015463373013645181,4,48,209,0.6759539352242752,0.38000000000000006,0.8007968127490039,COMPLETE
293,0.7697345963474997,2026-06-24 19:03:30.091201,2026-06-24 19:03:30.481611,0 days 00:00:00.390410,0.09376266732296956,0.7738195166725707,0.7858882256407578,1.8515036558304667,0.6405228121004392,0.01687285775179066,4,49,230,0.669344514509941,0.34,0.8007968127490039,COMPLETE
294,0.7684758491210104,2026-06-24 19:03:30.528286,2026-06-24 19:03:30.918976,0 days 00:00:00.390690,0.09350447814317349,0.7496018694345864,0.7839796316381024,1.6795048678072646,0.5953589328799503,0.015407594221422537,4,46,175,0.6762860780502716,0.4100000000000001,0.8027888446215139,COMPLETE
295,0.764720942140297,2026-06-24 19:03:30.965268,2026-06-24 19:03:31.349368,0 days 00:00:00.384100,0.10986433836135029,0.7626931310391044,0.7997349891640717,1.7857475492830117,0.6782703481868931,0.016046848100503986,4,50,197,0.6601394332038404,0.4300000000000001,0.8047808764940239,COMPLETE
