number,value,datetime_start,datetime_complete,duration,params_alpha,params_colsample_bylevel,params_colsample_bytree,params_gamma,params_lambda,params_learning_rate,params_max_depth,params_min_child_weight,params_n_estimators,params_subsample,user_attrs_threshold,user_attrs_val_acc,state
0,0.7516534391534392,2026-06-24 19:01:17.167540,2026-06-24 19:01:17.758567,0 days 00:00:00.591027,1.2082413014948759,0.3779972601681013,0.37800932022121825,0.38460969962417735,12.207764786954149,0.015355286838886862,5,40,581,0.7394633936788146,0.39000000000000007,0.7908366533864541,COMPLETE
1,0.755162997098481,2026-06-24 19:01:17.804930,2026-06-24 19:01:18.058011,0 days 00:00:00.253081,0.4930471454041955,0.3917022549267169,0.3909124836035503,1.590786990501735,3.4646653174710598,0.005318033256270142,5,44,268,0.5849356442713105,0.33,0.796812749003984,COMPLETE
2,0.7442609660351596,2026-06-24 19:01:18.101316,2026-06-24 19:01:18.297816,0 days 00:00:00.196500,1.1538084020058665,0.6925879806965067,0.5280349921085179,1.0784015325759628,3.3327629473929488,0.03126143958203108,2,21,84,0.6465447373174766,0.47000000000000014,0.7888446215139442,COMPLETE
3,0.7550029868578256,2026-06-24 19:01:18.342178,2026-06-24 19:01:18.734107,0 days 00:00:00.391929,1.8767685726165642,0.7041986740582306,0.7828160165372797,1.5926074689495167,0.716880208213705,0.030860579740535368,2,12,380,0.8795542149013333,0.49000000000000016,0.7928286852589641,COMPLETE
4,0.7526881720430108,2026-06-24 19:01:18.778481,2026-06-24 19:01:19.002985,0 days 00:00:00.224504,0.9056632724016693,0.6312611421769909,0.42938999080000845,1.6273842728381138,3.4052591913244687,0.007206848764305203,3,11,188,0.8637281608315128,0.38000000000000006,0.7908366533864541,COMPLETE
5,0.7418288103771975,2026-06-24 19:01:19.048165,2026-06-24 19:01:19.367567,0 days 00:00:00.319402,0.06353885037249847,0.7609371175115585,0.5989499894055426,0.5336132600544056,1.0302587393796305,0.09129115219600122,5,48,294,0.8579309401710595,0.5700000000000003,0.7828685258964143,COMPLETE
6,0.751216077828981,2026-06-24 19:01:19.410856,2026-06-24 19:01:19.673529,0 days 00:00:00.262673,0.07421868779395152,0.5713480415791242,0.44046725484369037,0.790528702376337,9.641346525108922,0.016019568611465234,3,43,791,0.6427013306774357,0.38000000000000006,0.7928286852589641,COMPLETE
7,0.7415941286909028,2026-06-24 19:01:19.717730,2026-06-24 19:01:20.058992,0 days 00:00:00.341262,0.33404917086055946,0.6645035840204936,0.6534286719238085,3.8792246987611345,0.6570432809105998,0.05054562991054155,2,10,137,0.8261845713819337,0.48000000000000015,0.7888446215139442,COMPLETE
8,0.759557945041816,2026-06-24 19:01:20.103187,2026-06-24 19:01:20.372326,0 days 00:00:00.269139,5.5013989159992995,0.4625916610133735,0.4554911608578311,3.675070273856514,5.252611998161658,0.06635802485202448,4,23,404,0.5254233401144095,0.48000000000000015,0.8007968127490039,COMPLETE
9,0.756357740228708,2026-06-24 19:01:20.415500,2026-06-24 19:01:20.949487,0 days 00:00:00.533987,0.0572084495052036,0.5468977981821954,0.6854835899772804,2.661390863971771,2.420562855043932,0.007154276249073926,4,41,131,0.7245108790277985,0.4100000000000001,0.7928286852589641,COMPLETE
10,0.7397166752005462,2026-06-24 19:01:20.994589,2026-06-24 19:01:21.252995,0 days 00:00:00.258406,7.930627852980058,0.47193377205650744,0.31189381818321826,4.802876655132557,17.264117821145287,0.09130420340408359,4,30,533,0.507184750245928,0.6600000000000004,0.7848605577689243,COMPLETE
11,0.755547021676054,2026-06-24 19:01:21.298382,2026-06-24 19:01:21.735793,0 days 00:00:00.437411,5.474939449587682,0.5146679558317558,0.7883053485651852,2.961713947222903,2.1737497044824496,0.011594403956910011,4,33,464,0.7337777600798135,0.4300000000000001,0.7928286852589641,COMPLETE
12,0.7501706775900323,2026-06-24 19:01:21.780189,2026-06-24 19:01:22.147344,0 days 00:00:00.367155,0.18202607496219403,0.46005167475623937,0.6795841447207428,2.84470591261811,6.774251745518729,0.031095474521079396,4,22,747,0.5198565424587712,0.48000000000000015,0.7888446215139442,COMPLETE
13,0.7632275132275133,2026-06-24 19:01:22.192345,2026-06-24 19:01:22.461556,0 days 00:00:00.269211,3.581090657441208,0.3325074999090445,0.5149061997348002,2.9337710719044976,1.5843887089719049,0.05491528432184403,4,34,52,0.7612122727698689,0.4400000000000001,0.8007968127490039,COMPLETE
14,0.758779228537293,2026-06-24 19:01:22.506725,2026-06-24 19:01:22.753272,0 days 00:00:00.246547,3.958963417979177,0.30839924026418525,0.5261631564388043,3.724195698926772,1.3385992036699268,0.05542460633750815,3,30,661,0.777324982386608,0.4100000000000001,0.7908366533864541,COMPLETE
15,0.7518561187916026,2026-06-24 19:01:22.800450,2026-06-24 19:01:23.180672,0 days 00:00:00.380222,2.860063457661646,0.3089219422957315,0.510505812351762,3.765539102315785,5.992275933227838,0.053168722589600204,4,22,401,0.6529075048387287,0.47000000000000014,0.7888446215139442,COMPLETE
16,0.7426181942310974,2026-06-24 19:01:23.225760,2026-06-24 19:01:23.541269,0 days 00:00:00.315509,9.902176160665139,0.3909069577117088,0.5871055570279576,4.751594241946801,1.5248787618038098,0.06693661028297171,3,35,259,0.585313334252449,0.6200000000000003,0.7828685258964143,COMPLETE
17,0.7507680491551461,2026-06-24 19:01:23.590522,2026-06-24 19:01:23.927444,0 days 00:00:00.336922,2.4374189327869837,0.46927309151456253,0.46889008262069976,2.203765114764498,5.444247683653565,0.03805336421345178,5,17,343,0.8001680666330888,0.5100000000000002,0.798804780876494,COMPLETE
18,0.7479945383171189,2026-06-24 19:01:23.969259,2026-06-24 19:01:24.567445,0 days 00:00:00.598186,5.2006273368063525,0.3672850055442006,0.32160042477049056,3.191687713744846,1.0618994544775604,0.023885728364738713,4,27,499,0.5751815619301163,0.5100000000000002,0.7928286852589641,COMPLETE
19,0.7518987881891108,2026-06-24 19:01:24.612226,2026-06-24 19:01:24.880808,0 days 00:00:00.268582,1.741296267204225,0.42003924643686863,0.5654606954673068,4.313347183287188,0.5219002225161582,0.07365980617933592,3,26,50,0.6894228231306853,0.5000000000000002,0.7948207171314741,COMPLETE
20,0.7553230073391363,2026-06-24 19:01:24.921119,2026-06-24 19:01:25.298221,0 days 00:00:00.377102,3.2100034756508973,0.33364237972628474,0.4888157928902661,2.3413449416691825,18.646094141622353,0.04268270283283934,4,18,201,0.5441361176743615,0.5000000000000002,0.798804780876494,COMPLETE
21,0.744047619047619,2026-06-24 19:01:25.344308,2026-06-24 19:01:25.880223,0 days 00:00:00.535915,5.059732339151334,0.30330312683501903,0.5497301344144129,3.516656358492051,1.4126515899085577,0.06279006583565543,3,35,653,0.7837305829175437,0.6400000000000003,0.7848605577689243,COMPLETE
22,0.7565070831199865,2026-06-24 19:01:25.925407,2026-06-24 19:01:26.336042,0 days 00:00:00.410635,3.7947506205003285,0.3459651323247287,0.4718989845370455,4.04417865376978,1.934860823672187,0.09978856848177636,3,30,651,0.7900646198797656,0.5600000000000003,0.7868525896414342,COMPLETE
23,0.7455623826591569,2026-06-24 19:01:26.380299,2026-06-24 19:01:26.868184,0 days 00:00:00.487885,6.897534063825423,0.43256375825842924,0.6215395297511039,3.38408740502832,0.9371669706855381,0.0479113150142594,4,37,688,0.7589007242687327,0.6500000000000004,0.7868525896414342,COMPLETE
24,0.752752176139273,2026-06-24 19:01:26.912472,2026-06-24 19:01:27.290075,0 days 00:00:00.377603,3.727811142434782,0.3001310561523565,0.41731851745081405,4.270599902058046,1.3988949308697938,0.05994723267026357,3,26,568,0.6909977001411823,0.5700000000000003,0.7948207171314741,COMPLETE
25,0.7444529783239462,2026-06-24 19:01:27.334839,2026-06-24 19:01:27.967335,0 days 00:00:00.632496,1.9979295345949117,0.5119996987143727,0.5170944085559878,2.3673042033420106,4.471022148862589,0.07414746863538668,5,30,455,0.6911348994659342,0.5600000000000003,0.7828685258964143,COMPLETE
26,0.7505867042157364,2026-06-24 19:01:28.013465,2026-06-24 19:01:28.372926,0 days 00:00:00.359461,0.7057358996408309,0.4241445602532913,0.3628837601621308,3.5938201030470998,2.8010741560180783,0.023936157335760537,4,32,604,0.8290042962948816,0.46000000000000013,0.796812749003984,COMPLETE
27,0.7505973715651135,2026-06-24 19:01:28.417434,2026-06-24 19:01:29.070233,0 days 00:00:00.652799,4.2801942921603855,0.591587749250705,0.45401498096801784,4.511133098699279,8.670613481650726,0.038860510305415576,2,38,727,0.8254953382288774,0.5400000000000003,0.7848605577689243,COMPLETE
28,0.7487412527735109,2026-06-24 19:01:29.114776,2026-06-24 19:01:29.548186,0 days 00:00:00.433410,7.0623782688205585,0.3310722592080281,0.560349997344326,3.145063993537534,1.699166442662816,0.07828474389929137,3,25,336,0.8957902721959147,0.5300000000000002,0.7868525896414342,COMPLETE
29,0.7550563236047106,2026-06-24 19:01:29.594051,2026-06-24 19:01:29.982882,0 days 00:00:00.388831,1.225113223861157,0.37643750832532785,0.3594597803105832,4.058500865692326,1.1368611054036617,0.022109762162712994,5,18,427,0.770137634734207,0.46000000000000013,0.7908366533864541,COMPLETE
30,0.7566670933606419,2026-06-24 19:01:30.027047,2026-06-24 19:01:30.365096,0 days 00:00:00.338049,9.543243728504597,0.3510448706722087,0.4031763464480448,4.997441890405712,13.547589139058699,0.05098720509663262,4,15,606,0.61715524127874,0.48000000000000015,0.798804780876494,COMPLETE
31,0.7423088410991638,2026-06-24 19:01:30.411324,2026-06-24 19:01:30.747535,0 days 00:00:00.336211,5.948831629799166,0.3541311478459746,0.39936361083610367,4.956807056008647,13.673001761608198,0.052132013224524563,4,15,591,0.554619586589422,0.48000000000000015,0.7908366533864541,COMPLETE
32,0.747685185185185,2026-06-24 19:01:30.792653,2026-06-24 19:01:31.127854,0 days 00:00:00.335201,8.111314499673686,0.4034843449518408,0.48321120791317484,2.6386220373820586,10.160316309418084,0.059133920125101595,4,23,636,0.6126051029577395,0.5700000000000003,0.7868525896414342,COMPLETE
33,0.7518667861409798,2026-06-24 19:01:31.172912,2026-06-24 19:01:31.563753,0 days 00:00:00.390841,9.714039174485338,0.3704025683411673,0.3914474641037312,4.591011060874596,4.591760145529346,0.043318114855508676,5,15,525,0.6098068556674284,0.48000000000000015,0.798804780876494,COMPLETE
34,0.7448796722990272,2026-06-24 19:01:31.609407,2026-06-24 19:01:31.973195,0 days 00:00:00.363788,3.026636309718938,0.3314439196450651,0.531710324518561,1.8538821734403153,12.007241203414937,0.03792195374070018,4,28,717,0.540843480361822,0.5900000000000003,0.7888446215139442,COMPLETE
35,0.7565284178187404,2026-06-24 19:01:32.017351,2026-06-24 19:01:32.431020,0 days 00:00:00.413669,1.4540011023449921,0.4494163889034418,0.34016210371621425,3.3221847889457523,7.464330923786905,0.08273742320236015,5,20,789,0.7170051396988741,0.5500000000000003,0.796812749003984,COMPLETE
36,0.7459250725379757,2026-06-24 19:01:32.478201,2026-06-24 19:01:33.203755,0 days 00:00:00.725554,4.285051820480741,0.3957985454113294,0.5055145026752548,3.735452102432717,4.076149307672401,0.03250295195680288,2,14,218,0.6618111544488875,0.5200000000000002,0.7848605577689243,COMPLETE
37,0.7435569209762758,2026-06-24 19:01:33.248644,2026-06-24 19:01:33.539604,0 days 00:00:00.290960,2.338459726845948,0.5175091218326059,0.4276096592396115,0.10710505778449297,2.6794308753546208,0.06350556684750354,3,50,552,0.6224799827228015,0.5600000000000003,0.7948207171314741,COMPLETE
38,0.7527415087898959,2026-06-24 19:01:33.585730,2026-06-24 19:01:33.947813,0 days 00:00:00.362083,6.056720666546106,0.7716897574927792,0.4521038559678537,4.317716999380257,0.8020716596261083,0.046658049092722226,4,24,147,0.5651057189079594,0.5100000000000002,0.7928286852589641,COMPLETE
39,0.7426608636286055,2026-06-24 19:01:33.992321,2026-06-24 19:01:34.423089,0 days 00:00:00.430768,4.454206291742381,0.4888208369582068,0.4166073611319418,1.143045125829765,13.973355058623714,0.05397012274203516,2,20,291,0.7552940218207146,0.46000000000000013,0.7788844621513944,COMPLETE
40,0.7523254821641917,2026-06-24 19:01:34.467179,2026-06-24 19:01:34.959795,0 days 00:00:00.492616,0.791205300053492,0.7327720995860396,0.7413646359971692,1.9533361842505002,3.3254283046687343,0.06982035260927844,5,12,690,0.7083831981257223,0.6600000000000004,0.7928286852589641,COMPLETE
41,0.7472691585594811,2026-06-24 19:01:35.005014,2026-06-24 19:01:35.468835,0 days 00:00:00.463821,1.5506136126106287,0.44632908751732375,0.35791896951361046,3.3897765361472603,7.954941701134408,0.0809909185613226,5,20,788,0.7179037835826313,0.6600000000000004,0.7888446215139442,COMPLETE
42,0.7489972691585596,2026-06-24 19:01:35.513990,2026-06-24 19:01:35.936862,0 days 00:00:00.422872,2.725144297463605,0.41039652019455586,0.33692210208833945,3.0853675480405376,7.7595426700260255,0.08495468277624603,5,19,774,0.7465709141035505,0.7000000000000004,0.7808764940239044,COMPLETE
43,0.7393113159242191,2026-06-24 19:01:35.981131,2026-06-24 19:01:36.381137,0 days 00:00:00.400006,0.45120165664117573,0.3232473565170383,0.3396021560287904,2.6164332348360966,10.220062288813073,0.05933394563481543,5,41,619,0.8059063058063415,0.6500000000000004,0.7788844621513944,COMPLETE
44,0.7539042498719919,2026-06-24 19:01:36.430314,2026-06-24 19:01:36.765362,0 days 00:00:00.335048,1.0525242614652903,0.35423669808540026,0.3823744564537668,4.019386387042395,15.319893647243259,0.09476874322699531,4,13,692,0.6701666945234234,0.5100000000000002,0.7928286852589641,COMPLETE
45,0.7481865506059056,2026-06-24 19:01:36.810296,2026-06-24 19:01:37.338028,0 days 00:00:00.527732,0.11141206787694581,0.5564387502056733,0.5420842985114033,2.831021660964085,11.78921817469662,0.0346621002109666,4,16,757,0.6299369312326901,0.5600000000000003,0.7908366533864541,COMPLETE
46,0.7488372589179041,2026-06-24 19:01:37.383522,2026-06-24 19:01:37.689129,0 days 00:00:00.305607,1.5779465327671909,0.48916237282064234,0.5897995851155092,3.3021346240161034,6.926630009576805,0.027931498990269837,3,34,498,0.5934174235170103,0.38000000000000006,0.7868525896414342,COMPLETE
47,0.7452850315753541,2026-06-24 19:01:37.734717,2026-06-24 19:01:38.113681,0 days 00:00:00.378964,7.8236351951780625,0.6105540210141227,0.30483180890335493,3.6341333736731656,5.364551713568003,0.08437991780845622,4,28,95,0.838517379131522,0.6100000000000003,0.7868525896414342,COMPLETE
48,0.7508533879501622,2026-06-24 19:01:38.158813,2026-06-24 19:01:38.499785,0 days 00:00:00.340972,2.2189036575742613,0.4412267100670222,0.44530694568579016,3.8837371305947688,1.2167608562851413,0.055355554904218944,5,44,391,0.5189572296051821,0.5500000000000003,0.7908366533864541,COMPLETE
49,0.7388846219491381,2026-06-24 19:01:38.546054,2026-06-24 19:01:38.833271,0 days 00:00:00.287217,0.6157888886531114,0.3848600852231382,0.49754565566338116,2.984846104307378,2.0172372017382854,0.005064303690913675,2,32,795,0.7318671563966689,0.34,0.7948207171314741,COMPLETE
50,0.756336405529954,2026-06-24 19:01:38.879239,2026-06-24 19:01:39.213080,0 days 00:00:00.333841,3.5628043822013193,0.6561822341073741,0.40240053726211694,4.998880460090907,0.6877174280617128,0.06800963279015222,3,10,335,0.7690296840126236,0.6000000000000003,0.7848605577689243,COMPLETE
51,0.7473544973544973,2026-06-24 19:01:39.257541,2026-06-24 19:01:39.599135,0 days 00:00:00.341594,3.6989515825525694,0.3503171979440101,0.47622800999477516,4.096148579760639,1.7305902929819672,0.09839122496694906,3,30,670,0.7894916755213296,0.6800000000000004,0.7808764940239044,COMPLETE
52,0.7514507595152756,2026-06-24 19:01:39.645522,2026-06-24 19:01:40.146930,0 days 00:00:00.501408,5.350778216600276,0.31896201558794984,0.45905291781970375,3.8205754584216556,1.880308488536142,0.08397381055713282,3,22,638,0.7976943408453004,0.6900000000000004,0.7828685258964143,COMPLETE
53,0.7558243727598567,2026-06-24 19:01:40.194175,2026-06-24 19:01:40.507577,0 days 00:00:00.313402,0.27579109214399,0.3426562953553282,0.524895069754183,3.5171478532146896,2.254690084999319,0.0454443194035543,3,37,731,0.8497427001829324,0.4400000000000001,0.8047808764940239,COMPLETE
54,0.7468744666325312,2026-06-24 19:01:40.552665,2026-06-24 19:01:40.888218,0 days 00:00:00.335553,8.476129933986497,0.36687734126894034,0.47762829239273585,4.722788022219901,0.953823930828968,0.09860754565641401,4,29,243,0.8064173085992036,0.5100000000000002,0.7848605577689243,COMPLETE
55,0.7523254821641919,2026-06-24 19:01:40.934432,2026-06-24 19:01:41.396723,0 days 00:00:00.462291,1.3839634288619054,0.4580290602419929,0.43383789845928505,4.177643193923318,19.663739373524614,0.006193883652463537,3,31,550,0.5017587960301845,0.34,0.7928286852589641,COMPLETE
56,0.759941969619389,2026-06-24 19:01:41.442723,2026-06-24 19:01:42.045282,0 days 00:00:00.602559,4.536433025848375,0.3127952534924826,0.5016134327603956,4.428030370420527,1.226007311142685,0.07149769459097674,4,24,667,0.7767670488920247,0.6500000000000004,0.7868525896414342,COMPLETE
57,0.7473118279569891,2026-06-24 19:01:42.090510,2026-06-24 19:01:42.644215,0 days 00:00:00.553705,6.328785053828453,0.31764912174977217,0.6162848306643712,4.459124540693996,1.240795950062165,0.06879104082111383,4,24,708,0.708327047000425,0.5000000000000002,0.7828685258964143,COMPLETE
58,0.7533922171018945,2026-06-24 19:01:42.690537,2026-06-24 19:01:43.243657,0 days 00:00:00.553120,4.581973698962429,0.5385053515816903,0.5694873306885,4.623845922340484,1.5066163709933338,0.049277787158155624,4,21,581,0.7732328849786557,0.6700000000000004,0.7888446215139442,COMPLETE
59,0.7501386755419014,2026-06-24 19:01:43.288900,2026-06-24 19:01:43.654282,0 days 00:00:00.365382,9.774102251407491,0.41218236495080807,0.5030208294045582,4.376459195330496,0.7596606154391228,0.01023075108200065,4,17,757,0.7466728019187853,0.39000000000000007,0.7908366533864541,COMPLETE
60,0.748037207714627,2026-06-24 19:01:43.700444,2026-06-24 19:01:44.082121,0 days 00:00:00.381677,2.7275916334761483,0.3046539982752398,0.37425570309385064,3.314210537980389,0.5300887615211228,0.07379519332104414,4,25,506,0.6773324464793915,0.6100000000000003,0.798804780876494,COMPLETE
61,0.7493386243386244,2026-06-24 19:01:44.126756,2026-06-24 19:01:44.436858,0 days 00:00:00.310102,3.4844099464435905,0.3423087429834717,0.4667493184881545,3.9175615076755115,1.2598565150396905,0.08856083917127883,3,34,674,0.7846468050752888,0.6700000000000004,0.7928286852589641,COMPLETE
62,0.7553976787847756,2026-06-24 19:01:44.483109,2026-06-24 19:01:44.857962,0 days 00:00:00.374853,1.8414214271045826,0.3589017666627291,0.5213275538969164,4.833733890291403,0.8977213513464603,0.05572819080149914,4,26,612,0.7376516932296805,0.48000000000000015,0.7908366533864541,COMPLETE
63,0.7530721966205838,2026-06-24 19:01:44.902866,2026-06-24 19:01:45.264327,0 days 00:00:00.361461,5.29587219715978,0.38931871684449953,0.41490163913540407,4.174190413214291,1.6567461943051478,0.07674457327083878,3,36,647,0.8167751458777598,0.5800000000000003,0.798804780876494,COMPLETE
64,0.7386712749615976,2026-06-24 19:01:45.308632,2026-06-24 19:01:45.700601,0 days 00:00:00.391969,7.008138027970892,0.33144184499950846,0.4927875371281673,3.6787441727534125,3.199215728652691,0.0659643898258414,4,39,460,0.756971663995526,0.5100000000000002,0.7928286852589641,COMPLETE
65,0.749658644819935,2026-06-24 19:01:45.747316,2026-06-24 19:01:46.126638,0 days 00:00:00.379322,4.249221637660378,0.3006194215663395,0.544645495907508,2.825649053274123,2.5189791597407516,0.04126119609886724,4,28,365,0.8666691264549116,0.4500000000000001,0.7928286852589641,COMPLETE
66,0.7526668373442567,2026-06-24 19:01:46.172377,2026-06-24 19:01:46.750574,0 days 00:00:00.578197,2.5724172096791755,0.37753131867374523,0.32521786368856537,3.970013994508744,3.956429314822267,0.06144274192969515,5,23,663,0.7792370855077025,0.5600000000000003,0.7868525896414342,COMPLETE
67,0.7481225465096434,2026-06-24 19:01:46.795088,2026-06-24 19:01:47.174516,0 days 00:00:00.379428,3.882958968197714,0.4298201611676403,0.43452946330431924,3.493914650149523,5.552304488701647,0.05002518410472265,3,32,175,0.6423972008247527,0.6100000000000003,0.7868525896414342,COMPLETE
68,0.7319295101553166,2026-06-24 19:01:47.220090,2026-06-24 19:01:47.676534,0 days 00:00:00.456444,2.987175924473312,0.4859779604849145,0.5705592383084487,4.531498398788617,1.0484768790328278,0.07721475231513991,2,19,616,0.8147186263928476,0.6100000000000003,0.7828685258964143,COMPLETE
69,0.7299880525686977,2026-06-24 19:01:47.722790,2026-06-24 19:01:48.106388,0 days 00:00:00.383598,2.09694951935515,0.31776514136314626,0.5119846519053418,3.212395652420509,1.3739826866298959,0.08851620437816386,4,29,438,0.5319501297331344,0.6900000000000004,0.7948207171314741,COMPLETE
70,0.7422768390510325,2026-06-24 19:01:48.152569,2026-06-24 19:01:48.517130,0 days 00:00:00.364561,6.02671373312006,0.3434934393702934,0.4665754324947335,4.797367492115334,0.8501629605726719,0.07008370330871962,5,27,60,0.5951332919919624,0.6600000000000004,0.7788844621513944,COMPLETE
71,0.7634621949138078,2026-06-24 19:01:48.563212,2026-06-24 19:01:49.060419,0 days 00:00:00.497207,0.10844292468721148,0.5320382341140529,0.7466083797317892,2.4613651192056945,2.22988088314687,0.012264856712175788,4,40,78,0.722877833983334,0.4100000000000001,0.798804780876494,COMPLETE
72,0.7522294760197986,2026-06-24 19:01:49.104683,2026-06-24 19:01:49.451256,0 days 00:00:00.346573,0.10384694162069893,0.5261765737451495,0.7287177202471505,2.3862519489421152,1.997246891163657,0.014335988257298276,4,46,97,0.7165567838820235,0.38000000000000006,0.8007968127490039,COMPLETE
73,0.7561337258917906,2026-06-24 19:01:49.498389,2026-06-24 19:01:49.952158,0 days 00:00:00.453769,0.22097151382060565,0.49730063978031547,0.6638344375782175,2.5747814346769933,1.5608618994584103,0.009193655275407686,4,41,74,0.7900741055145337,0.35000000000000003,0.7908366533864541,COMPLETE
